<?xml version="1.0" encoding="UTF-8"?>
<testsuite xmlns:xsi="http://www.w3.org/2001/XMLSchema-instance" xsi:noNamespaceSchemaLocation="https://maven.apache.org/surefire/maven-failsafe-plugin/xsd/failsafe-test-report.xsd" name="com.algaworks.algafood.CadastroCozinhaIT" time="66.511" tests="5" errors="0" skipped="0" failures="1">
  <properties>
    <property name="sun.desktop" value="windows"/>
    <property name="awt.toolkit" value="sun.awt.windows.WToolkit"/>
    <property name="java.specification.version" value="11"/>
    <property name="sun.cpu.isalist" value="amd64"/>
    <property name="sun.jnu.encoding" value="Cp1252"/>
    <property name="java.class.path" value="C:\Users\rafae\IdeaProjects\algafood\target\test-classes;C:\Users\rafae\IdeaProjects\algafood\target\classes;C:\Users\rafae\.m2\repository\org\springframework\boot\spring-boot-starter-web\2.2.2.RELEASE\spring-boot-starter-web-2.2.2.RELEASE.jar;C:\Users\rafae\.m2\repository\org\springframework\boot\spring-boot-starter\2.2.2.RELEASE\spring-boot-starter-2.2.2.RELEASE.jar;C:\Users\rafae\.m2\repository\org\springframework\boot\spring-boot-starter-logging\2.2.2.RELEASE\spring-boot-starter-logging-2.2.2.RELEASE.jar;C:\Users\rafae\.m2\repository\ch\qos\logback\logback-classic\1.2.3\logback-classic-1.2.3.jar;C:\Users\rafae\.m2\repository\ch\qos\logback\logback-core\1.2.3\logback-core-1.2.3.jar;C:\Users\rafae\.m2\repository\org\apache\logging\log4j\log4j-to-slf4j\2.12.1\log4j-to-slf4j-2.12.1.jar;C:\Users\rafae\.m2\repository\org\apache\logging\log4j\log4j-api\2.12.1\log4j-api-2.12.1.jar;C:\Users\rafae\.m2\repository\org\slf4j\jul-to-slf4j\1.7.29\jul-to-slf4j-1.7.29.jar;C:\Users\rafae\.m2\repository\jakarta\annotation\jakarta.annotation-api\1.3.5\jakarta.annotation-api-1.3.5.jar;C:\Users\rafae\.m2\repository\org\yaml\snakeyaml\1.25\snakeyaml-1.25.jar;C:\Users\rafae\.m2\repository\org\springframework\boot\spring-boot-starter-json\2.2.2.RELEASE\spring-boot-starter-json-2.2.2.RELEASE.jar;C:\Users\rafae\.m2\repository\com\fasterxml\jackson\datatype\jackson-datatype-jdk8\2.10.1\jackson-datatype-jdk8-2.10.1.jar;C:\Users\rafae\.m2\repository\com\fasterxml\jackson\datatype\jackson-datatype-jsr310\2.10.1\jackson-datatype-jsr310-2.10.1.jar;C:\Users\rafae\.m2\repository\com\fasterxml\jackson\module\jackson-module-parameter-names\2.10.1\jackson-module-parameter-names-2.10.1.jar;C:\Users\rafae\.m2\repository\org\springframework\boot\spring-boot-starter-tomcat\2.2.2.RELEASE\spring-boot-starter-tomcat-2.2.2.RELEASE.jar;C:\Users\rafae\.m2\repository\org\apache\tomcat\embed\tomcat-embed-core\9.0.29\tomcat-embed-core-9.0.29.jar;C:\Users\rafae\.m2\repository\org\apache\tomcat\embed\tomcat-embed-el\9.0.29\tomcat-embed-el-9.0.29.jar;C:\Users\rafae\.m2\repository\org\apache\tomcat\embed\tomcat-embed-websocket\9.0.29\tomcat-embed-websocket-9.0.29.jar;C:\Users\rafae\.m2\repository\org\springframework\boot\spring-boot-starter-validation\2.2.2.RELEASE\spring-boot-starter-validation-2.2.2.RELEASE.jar;C:\Users\rafae\.m2\repository\jakarta\validation\jakarta.validation-api\2.0.1\jakarta.validation-api-2.0.1.jar;C:\Users\rafae\.m2\repository\org\hibernate\validator\hibernate-validator\6.0.18.Final\hibernate-validator-6.0.18.Final.jar;C:\Users\rafae\.m2\repository\org\springframework\spring-web\5.2.2.RELEASE\spring-web-5.2.2.RELEASE.jar;C:\Users\rafae\.m2\repository\org\springframework\spring-beans\5.2.2.RELEASE\spring-beans-5.2.2.RELEASE.jar;C:\Users\rafae\.m2\repository\org\springframework\spring-webmvc\5.2.2.RELEASE\spring-webmvc-5.2.2.RELEASE.jar;C:\Users\rafae\.m2\repository\org\springframework\spring-aop\5.2.2.RELEASE\spring-aop-5.2.2.RELEASE.jar;C:\Users\rafae\.m2\repository\org\springframework\spring-context\5.2.2.RELEASE\spring-context-5.2.2.RELEASE.jar;C:\Users\rafae\.m2\repository\org\springframework\spring-expression\5.2.2.RELEASE\spring-expression-5.2.2.RELEASE.jar;C:\Users\rafae\.m2\repository\org\springframework\boot\spring-boot-starter-test\2.2.2.RELEASE\spring-boot-starter-test-2.2.2.RELEASE.jar;C:\Users\rafae\.m2\repository\org\springframework\boot\spring-boot-test\2.2.2.RELEASE\spring-boot-test-2.2.2.RELEASE.jar;C:\Users\rafae\.m2\repository\org\springframework\boot\spring-boot-test-autoconfigure\2.2.2.RELEASE\spring-boot-test-autoconfigure-2.2.2.RELEASE.jar;C:\Users\rafae\.m2\repository\com\jayway\jsonpath\json-path\2.4.0\json-path-2.4.0.jar;C:\Users\rafae\.m2\repository\net\minidev\json-smart\2.3\json-smart-2.3.jar;C:\Users\rafae\.m2\repository\net\minidev\accessors-smart\1.2\accessors-smart-1.2.jar;C:\Users\rafae\.m2\repository\org\ow2\asm\asm\5.0.4\asm-5.0.4.jar;C:\Users\rafae\.m2\repository\jakarta\xml\bind\jakarta.xml.bind-api\2.3.2\jakarta.xml.bind-api-2.3.2.jar;C:\Users\rafae\.m2\repository\org\junit\jupiter\junit-jupiter\5.5.2\junit-jupiter-5.5.2.jar;C:\Users\rafae\.m2\repository\org\junit\jupiter\junit-jupiter-api\5.5.2\junit-jupiter-api-5.5.2.jar;C:\Users\rafae\.m2\repository\org\opentest4j\opentest4j\1.2.0\opentest4j-1.2.0.jar;C:\Users\rafae\.m2\repository\org\junit\platform\junit-platform-commons\1.5.2\junit-platform-commons-1.5.2.jar;C:\Users\rafae\.m2\repository\org\junit\jupiter\junit-jupiter-params\5.5.2\junit-jupiter-params-5.5.2.jar;C:\Users\rafae\.m2\repository\org\junit\jupiter\junit-jupiter-engine\5.5.2\junit-jupiter-engine-5.5.2.jar;C:\Users\rafae\.m2\repository\org\junit\vintage\junit-vintage-engine\5.5.2\junit-vintage-engine-5.5.2.jar;C:\Users\rafae\.m2\repository\org\apiguardian\apiguardian-api\1.1.0\apiguardian-api-1.1.0.jar;C:\Users\rafae\.m2\repository\org\junit\platform\junit-platform-engine\1.5.2\junit-platform-engine-1.5.2.jar;C:\Users\rafae\.m2\repository\junit\junit\4.12\junit-4.12.jar;C:\Users\rafae\.m2\repository\org\mockito\mockito-junit-jupiter\3.1.0\mockito-junit-jupiter-3.1.0.jar;C:\Users\rafae\.m2\repository\org\assertj\assertj-core\3.13.2\assertj-core-3.13.2.jar;C:\Users\rafae\.m2\repository\org\hamcrest\hamcrest\2.1\hamcrest-2.1.jar;C:\Users\rafae\.m2\repository\org\mockito\mockito-core\3.1.0\mockito-core-3.1.0.jar;C:\Users\rafae\.m2\repository\net\bytebuddy\byte-buddy\1.10.4\byte-buddy-1.10.4.jar;C:\Users\rafae\.m2\repository\net\bytebuddy\byte-buddy-agent\1.10.4\byte-buddy-agent-1.10.4.jar;C:\Users\rafae\.m2\repository\org\objenesis\objenesis\2.6\objenesis-2.6.jar;C:\Users\rafae\.m2\repository\org\skyscreamer\jsonassert\1.5.0\jsonassert-1.5.0.jar;C:\Users\rafae\.m2\repository\com\vaadin\external\google\android-json\0.0.20131108.vaadin1\android-json-0.0.20131108.vaadin1.jar;C:\Users\rafae\.m2\repository\org\springframework\spring-core\5.2.2.RELEASE\spring-core-5.2.2.RELEASE.jar;C:\Users\rafae\.m2\repository\org\springframework\spring-jcl\5.2.2.RELEASE\spring-jcl-5.2.2.RELEASE.jar;C:\Users\rafae\.m2\repository\org\springframework\spring-test\5.2.2.RELEASE\spring-test-5.2.2.RELEASE.jar;C:\Users\rafae\.m2\repository\org\xmlunit\xmlunit-core\2.6.3\xmlunit-core-2.6.3.jar;C:\Users\rafae\.m2\repository\org\springframework\boot\spring-boot-configuration-processor\2.2.2.RELEASE\spring-boot-configuration-processor-2.2.2.RELEASE.jar;C:\Users\rafae\.m2\repository\org\springframework\boot\spring-boot-devtools\2.2.2.RELEASE\spring-boot-devtools-2.2.2.RELEASE.jar;C:\Users\rafae\.m2\repository\org\springframework\boot\spring-boot\2.2.2.RELEASE\spring-boot-2.2.2.RELEASE.jar;C:\Users\rafae\.m2\repository\org\springframework\boot\spring-boot-autoconfigure\2.2.2.RELEASE\spring-boot-autoconfigure-2.2.2.RELEASE.jar;C:\Users\rafae\.m2\repository\org\springframework\boot\spring-boot-starter-data-jpa\2.2.2.RELEASE\spring-boot-starter-data-jpa-2.2.2.RELEASE.jar;C:\Users\rafae\.m2\repository\org\springframework\boot\spring-boot-starter-aop\2.2.2.RELEASE\spring-boot-starter-aop-2.2.2.RELEASE.jar;C:\Users\rafae\.m2\repository\org\aspectj\aspectjweaver\1.9.5\aspectjweaver-1.9.5.jar;C:\Users\rafae\.m2\repository\org\springframework\boot\spring-boot-starter-jdbc\2.2.2.RELEASE\spring-boot-starter-jdbc-2.2.2.RELEASE.jar;C:\Users\rafae\.m2\repository\com\zaxxer\HikariCP\3.4.1\HikariCP-3.4.1.jar;C:\Users\rafae\.m2\repository\org\springframework\spring-jdbc\5.2.2.RELEASE\spring-jdbc-5.2.2.RELEASE.jar;C:\Users\rafae\.m2\repository\jakarta\activation\jakarta.activation-api\1.2.1\jakarta.activation-api-1.2.1.jar;C:\Users\rafae\.m2\repository\jakarta\persistence\jakarta.persistence-api\2.2.3\jakarta.persistence-api-2.2.3.jar;C:\Users\rafae\.m2\repository\jakarta\transaction\jakarta.transaction-api\1.3.3\jakarta.transaction-api-1.3.3.jar;C:\Users\rafae\.m2\repository\org\hibernate\hibernate-core\5.4.9.Final\hibernate-core-5.4.9.Final.jar;C:\Users\rafae\.m2\repository\org\jboss\logging\jboss-logging\3.4.1.Final\jboss-logging-3.4.1.Final.jar;C:\Users\rafae\.m2\repository\org\javassist\javassist\3.24.0-GA\javassist-3.24.0-GA.jar;C:\Users\rafae\.m2\repository\antlr\antlr\2.7.7\antlr-2.7.7.jar;C:\Users\rafae\.m2\repository\org\jboss\jandex\2.1.1.Final\jandex-2.1.1.Final.jar;C:\Users\rafae\.m2\repository\org\dom4j\dom4j\2.1.1\dom4j-2.1.1.jar;C:\Users\rafae\.m2\repository\org\hibernate\common\hibernate-commons-annotations\5.1.0.Final\hibernate-commons-annotations-5.1.0.Final.jar;C:\Users\rafae\.m2\repository\org\glassfish\jaxb\jaxb-runtime\2.3.2\jaxb-runtime-2.3.2.jar;C:\Users\rafae\.m2\repository\org\glassfish\jaxb\txw2\2.3.2\txw2-2.3.2.jar;C:\Users\rafae\.m2\repository\com\sun\istack\istack-commons-runtime\3.0.8\istack-commons-runtime-3.0.8.jar;C:\Users\rafae\.m2\repository\org\jvnet\staxex\stax-ex\1.8.1\stax-ex-1.8.1.jar;C:\Users\rafae\.m2\repository\com\sun\xml\fastinfoset\FastInfoset\1.2.16\FastInfoset-1.2.16.jar;C:\Users\rafae\.m2\repository\org\springframework\data\spring-data-jpa\2.2.3.RELEASE\spring-data-jpa-2.2.3.RELEASE.jar;C:\Users\rafae\.m2\repository\org\springframework\data\spring-data-commons\2.2.3.RELEASE\spring-data-commons-2.2.3.RELEASE.jar;C:\Users\rafae\.m2\repository\org\springframework\spring-orm\5.2.2.RELEASE\spring-orm-5.2.2.RELEASE.jar;C:\Users\rafae\.m2\repository\org\springframework\spring-tx\5.2.2.RELEASE\spring-tx-5.2.2.RELEASE.jar;C:\Users\rafae\.m2\repository\org\springframework\spring-aspects\5.2.2.RELEASE\spring-aspects-5.2.2.RELEASE.jar;C:\Users\rafae\.m2\repository\mysql\mysql-connector-java\8.0.18\mysql-connector-java-8.0.18.jar;C:\Users\rafae\.m2\repository\org\projectlombok\lombok\1.18.10\lombok-1.18.10.jar;C:\Users\rafae\.m2\repository\org\flywaydb\flyway-core\6.0.8\flyway-core-6.0.8.jar;C:\Users\rafae\.m2\repository\org\apache\commons\commons-lang3\3.9\commons-lang3-3.9.jar;C:\Users\rafae\.m2\repository\io\rest-assured\rest-assured\3.3.0\rest-assured-3.3.0.jar;C:\Users\rafae\.m2\repository\org\codehaus\groovy\groovy\2.5.8\groovy-2.5.8.jar;C:\Users\rafae\.m2\repository\org\codehaus\groovy\groovy-xml\2.5.8\groovy-xml-2.5.8.jar;C:\Users\rafae\.m2\repository\org\apache\httpcomponents\httpclient\4.5.10\httpclient-4.5.10.jar;C:\Users\rafae\.m2\repository\org\apache\httpcomponents\httpcore\4.4.12\httpcore-4.4.12.jar;C:\Users\rafae\.m2\repository\commons-codec\commons-codec\1.13\commons-codec-1.13.jar;C:\Users\rafae\.m2\repository\org\apache\httpcomponents\httpmime\4.5.10\httpmime-4.5.10.jar;C:\Users\rafae\.m2\repository\org\hamcrest\hamcrest-core\2.1\hamcrest-core-2.1.jar;C:\Users\rafae\.m2\repository\org\hamcrest\hamcrest-library\2.1\hamcrest-library-2.1.jar;C:\Users\rafae\.m2\repository\org\ccil\cowan\tagsoup\tagsoup\1.2.1\tagsoup-1.2.1.jar;C:\Users\rafae\.m2\repository\io\rest-assured\json-path\3.3.0\json-path-3.3.0.jar;C:\Users\rafae\.m2\repository\org\codehaus\groovy\groovy-json\2.5.8\groovy-json-2.5.8.jar;C:\Users\rafae\.m2\repository\io\rest-assured\rest-assured-common\3.3.0\rest-assured-common-3.3.0.jar;C:\Users\rafae\.m2\repository\io\rest-assured\xml-path\3.3.0\xml-path-3.3.0.jar;C:\Users\rafae\.m2\repository\javax\xml\bind\jaxb-api\2.3.1\jaxb-api-2.3.1.jar;C:\Users\rafae\.m2\repository\javax\activation\javax.activation-api\1.2.0\javax.activation-api-1.2.0.jar;C:\Users\rafae\.m2\repository\com\sun\xml\bind\jaxb-osgi\2.2.10\jaxb-osgi-2.2.10.jar;C:\Users\rafae\.m2\repository\org\apache\sling\org.apache.sling.javax.activation\0.1.0\org.apache.sling.javax.activation-0.1.0.jar;C:\Users\rafae\.m2\repository\javax\activation\activation\1.1.1\activation-1.1.1.jar;C:\Users\rafae\.m2\repository\org\modelmapper\modelmapper\2.3.0\modelmapper-2.3.0.jar;C:\Users\rafae\.m2\repository\com\github\bohnman\squiggly-filter-jackson\1.3.18\squiggly-filter-jackson-1.3.18.jar;C:\Users\rafae\.m2\repository\org\antlr\antlr4-runtime\4.6\antlr4-runtime-4.6.jar;C:\Users\rafae\.m2\repository\com\fasterxml\jackson\core\jackson-databind\2.10.1\jackson-databind-2.10.1.jar;C:\Users\rafae\.m2\repository\commons-beanutils\commons-beanutils\1.9.3\commons-beanutils-1.9.3.jar;C:\Users\rafae\.m2\repository\commons-collections\commons-collections\3.2.2\commons-collections-3.2.2.jar;C:\Users\rafae\.m2\repository\net\jcip\jcip-annotations\1.0\jcip-annotations-1.0.jar;C:\Users\rafae\.m2\repository\net\sf\jasperreports\jasperreports-functions\6.10.0\jasperreports-functions-6.10.0.jar;C:\Users\rafae\.m2\repository\joda-time\joda-time\2.10.5\joda-time-2.10.5.jar;C:\Users\rafae\.m2\repository\net\sf\jasperreports\jasperreports\6.10.0\jasperreports-6.10.0.jar;C:\Users\rafae\.m2\repository\commons-digester\commons-digester\2.1\commons-digester-2.1.jar;C:\Users\rafae\.m2\repository\commons-logging\commons-logging\1.1.1\commons-logging-1.1.1.jar;C:\Users\rafae\.m2\repository\org\apache\commons\commons-collections4\4.2\commons-collections4-4.2.jar;C:\Users\rafae\.m2\repository\com\lowagie\itext\2.1.7.js7\itext-2.1.7.js7.jar;C:\Users\rafae\.m2\repository\org\bouncycastle\bcprov-jdk15on\1.62\bcprov-jdk15on-1.62.jar;C:\Users\rafae\.m2\repository\org\jfree\jcommon\1.0.23\jcommon-1.0.23.jar;C:\Users\rafae\.m2\repository\org\jfree\jfreechart\1.0.19\jfreechart-1.0.19.jar;C:\Users\rafae\.m2\repository\org\eclipse\jdt\core\compiler\ecj\4.4.2\ecj-4.4.2.jar;C:\Users\rafae\.m2\repository\org\codehaus\castor\castor-xml\1.4.1\castor-xml-1.4.1.jar;C:\Users\rafae\.m2\repository\org\codehaus\castor\castor-core\1.4.1\castor-core-1.4.1.jar;C:\Users\rafae\.m2\repository\javax\inject\javax.inject\1\javax.inject-1.jar;C:\Users\rafae\.m2\repository\com\fasterxml\jackson\core\jackson-core\2.10.1\jackson-core-2.10.1.jar;C:\Users\rafae\.m2\repository\com\fasterxml\jackson\core\jackson-annotations\2.10.1\jackson-annotations-2.10.1.jar;C:\Users\rafae\.m2\repository\com\amazonaws\aws-java-sdk-s3\1.11.671\aws-java-sdk-s3-1.11.671.jar;C:\Users\rafae\.m2\repository\com\amazonaws\aws-java-sdk-kms\1.11.671\aws-java-sdk-kms-1.11.671.jar;C:\Users\rafae\.m2\repository\com\amazonaws\aws-java-sdk-core\1.11.671\aws-java-sdk-core-1.11.671.jar;C:\Users\rafae\.m2\repository\software\amazon\ion\ion-java\1.0.2\ion-java-1.0.2.jar;C:\Users\rafae\.m2\repository\com\fasterxml\jackson\dataformat\jackson-dataformat-cbor\2.10.1\jackson-dataformat-cbor-2.10.1.jar;C:\Users\rafae\.m2\repository\com\amazonaws\jmespath-java\1.11.671\jmespath-java-1.11.671.jar;C:\Users\rafae\.m2\repository\org\springframework\boot\spring-boot-starter-mail\2.2.2.RELEASE\spring-boot-starter-mail-2.2.2.RELEASE.jar;C:\Users\rafae\.m2\repository\org\springframework\spring-context-support\5.2.2.RELEASE\spring-context-support-5.2.2.RELEASE.jar;C:\Users\rafae\.m2\repository\com\sun\mail\jakarta.mail\1.6.4\jakarta.mail-1.6.4.jar;C:\Users\rafae\.m2\repository\com\sun\activation\jakarta.activation\1.2.1\jakarta.activation-1.2.1.jar;C:\Users\rafae\.m2\repository\org\springframework\boot\spring-boot-starter-freemarker\2.2.2.RELEASE\spring-boot-starter-freemarker-2.2.2.RELEASE.jar;C:\Users\rafae\.m2\repository\org\freemarker\freemarker\2.3.29\freemarker-2.3.29.jar;C:\Users\rafae\.m2\repository\io\springfox\springfox-swagger2\2.9.2\springfox-swagger2-2.9.2.jar;C:\Users\rafae\.m2\repository\io\swagger\swagger-annotations\1.5.20\swagger-annotations-1.5.20.jar;C:\Users\rafae\.m2\repository\io\swagger\swagger-models\1.5.20\swagger-models-1.5.20.jar;C:\Users\rafae\.m2\repository\io\springfox\springfox-spi\2.9.2\springfox-spi-2.9.2.jar;C:\Users\rafae\.m2\repository\io\springfox\springfox-core\2.9.2\springfox-core-2.9.2.jar;C:\Users\rafae\.m2\repository\io\springfox\springfox-schema\2.9.2\springfox-schema-2.9.2.jar;C:\Users\rafae\.m2\repository\io\springfox\springfox-swagger-common\2.9.2\springfox-swagger-common-2.9.2.jar;C:\Users\rafae\.m2\repository\io\springfox\springfox-spring-web\2.9.2\springfox-spring-web-2.9.2.jar;C:\Users\rafae\.m2\repository\com\google\guava\guava\20.0\guava-20.0.jar;C:\Users\rafae\.m2\repository\com\fasterxml\classmate\1.5.1\classmate-1.5.1.jar;C:\Users\rafae\.m2\repository\org\slf4j\slf4j-api\1.7.29\slf4j-api-1.7.29.jar;C:\Users\rafae\.m2\repository\org\springframework\plugin\spring-plugin-metadata\1.2.0.RELEASE\spring-plugin-metadata-1.2.0.RELEASE.jar;C:\Users\rafae\.m2\repository\org\mapstruct\mapstruct\1.2.0.Final\mapstruct-1.2.0.Final.jar;C:\Users\rafae\.m2\repository\io\springfox\springfox-swagger-ui\2.9.2\springfox-swagger-ui-2.9.2.jar;C:\Users\rafae\.m2\repository\io\springfox\springfox-bean-validators\2.9.2\springfox-bean-validators-2.9.2.jar;C:\Users\rafae\.m2\repository\org\springframework\boot\spring-boot-starter-hateoas\2.2.2.RELEASE\spring-boot-starter-hateoas-2.2.2.RELEASE.jar;C:\Users\rafae\.m2\repository\org\springframework\hateoas\spring-hateoas\1.0.2.RELEASE\spring-hateoas-1.0.2.RELEASE.jar;C:\Users\rafae\.m2\repository\org\springframework\plugin\spring-plugin-core\2.0.0.RELEASE\spring-plugin-core-2.0.0.RELEASE.jar;"/>
    <property name="java.vm.vendor" value="JetBrains s.r.o"/>
    <property name="sun.arch.data.model" value="64"/>
    <property name="user.variant" value=""/>
    <property name="java.vendor.url" value="https://www.jetbrains.com/"/>
    <property name="user.timezone" value="America/Sao_Paulo"/>
    <property name="java.vm.specification.version" value="11"/>
    <property name="os.name" value="Windows 10"/>
    <property name="sun.java.launcher" value="SUN_STANDARD"/>
    <property name="user.country" value="BR"/>
    <property name="sun.boot.library.path" value="C:\Program Files\JetBrains\IntelliJ IDEA 2019.3.4\jbr\bin"/>
    <property name="sun.java.command" value="C:\Users\rafae\AppData\Local\Temp\surefire16639854505203167556\surefirebooter2571225329999147776.jar C:\Users\rafae\AppData\Local\Temp\surefire16639854505203167556 2020-03-26T00-18-50_591-jvmRun1 surefire10538805224221920590tmp surefire_016887377902621206495tmp"/>
    <property name="jdk.debug" value="release"/>
    <property name="surefire.test.class.path" value="C:\Users\rafae\IdeaProjects\algafood\target\test-classes;C:\Users\rafae\IdeaProjects\algafood\target\classes;C:\Users\rafae\.m2\repository\org\springframework\boot\spring-boot-starter-web\2.2.2.RELEASE\spring-boot-starter-web-2.2.2.RELEASE.jar;C:\Users\rafae\.m2\repository\org\springframework\boot\spring-boot-starter\2.2.2.RELEASE\spring-boot-starter-2.2.2.RELEASE.jar;C:\Users\rafae\.m2\repository\org\springframework\boot\spring-boot-starter-logging\2.2.2.RELEASE\spring-boot-starter-logging-2.2.2.RELEASE.jar;C:\Users\rafae\.m2\repository\ch\qos\logback\logback-classic\1.2.3\logback-classic-1.2.3.jar;C:\Users\rafae\.m2\repository\ch\qos\logback\logback-core\1.2.3\logback-core-1.2.3.jar;C:\Users\rafae\.m2\repository\org\apache\logging\log4j\log4j-to-slf4j\2.12.1\log4j-to-slf4j-2.12.1.jar;C:\Users\rafae\.m2\repository\org\apache\logging\log4j\log4j-api\2.12.1\log4j-api-2.12.1.jar;C:\Users\rafae\.m2\repository\org\slf4j\jul-to-slf4j\1.7.29\jul-to-slf4j-1.7.29.jar;C:\Users\rafae\.m2\repository\jakarta\annotation\jakarta.annotation-api\1.3.5\jakarta.annotation-api-1.3.5.jar;C:\Users\rafae\.m2\repository\org\yaml\snakeyaml\1.25\snakeyaml-1.25.jar;C:\Users\rafae\.m2\repository\org\springframework\boot\spring-boot-starter-json\2.2.2.RELEASE\spring-boot-starter-json-2.2.2.RELEASE.jar;C:\Users\rafae\.m2\repository\com\fasterxml\jackson\datatype\jackson-datatype-jdk8\2.10.1\jackson-datatype-jdk8-2.10.1.jar;C:\Users\rafae\.m2\repository\com\fasterxml\jackson\datatype\jackson-datatype-jsr310\2.10.1\jackson-datatype-jsr310-2.10.1.jar;C:\Users\rafae\.m2\repository\com\fasterxml\jackson\module\jackson-module-parameter-names\2.10.1\jackson-module-parameter-names-2.10.1.jar;C:\Users\rafae\.m2\repository\org\springframework\boot\spring-boot-starter-tomcat\2.2.2.RELEASE\spring-boot-starter-tomcat-2.2.2.RELEASE.jar;C:\Users\rafae\.m2\repository\org\apache\tomcat\embed\tomcat-embed-core\9.0.29\tomcat-embed-core-9.0.29.jar;C:\Users\rafae\.m2\repository\org\apache\tomcat\embed\tomcat-embed-el\9.0.29\tomcat-embed-el-9.0.29.jar;C:\Users\rafae\.m2\repository\org\apache\tomcat\embed\tomcat-embed-websocket\9.0.29\tomcat-embed-websocket-9.0.29.jar;C:\Users\rafae\.m2\repository\org\springframework\boot\spring-boot-starter-validation\2.2.2.RELEASE\spring-boot-starter-validation-2.2.2.RELEASE.jar;C:\Users\rafae\.m2\repository\jakarta\validation\jakarta.validation-api\2.0.1\jakarta.validation-api-2.0.1.jar;C:\Users\rafae\.m2\repository\org\hibernate\validator\hibernate-validator\6.0.18.Final\hibernate-validator-6.0.18.Final.jar;C:\Users\rafae\.m2\repository\org\springframework\spring-web\5.2.2.RELEASE\spring-web-5.2.2.RELEASE.jar;C:\Users\rafae\.m2\repository\org\springframework\spring-beans\5.2.2.RELEASE\spring-beans-5.2.2.RELEASE.jar;C:\Users\rafae\.m2\repository\org\springframework\spring-webmvc\5.2.2.RELEASE\spring-webmvc-5.2.2.RELEASE.jar;C:\Users\rafae\.m2\repository\org\springframework\spring-aop\5.2.2.RELEASE\spring-aop-5.2.2.RELEASE.jar;C:\Users\rafae\.m2\repository\org\springframework\spring-context\5.2.2.RELEASE\spring-context-5.2.2.RELEASE.jar;C:\Users\rafae\.m2\repository\org\springframework\spring-expression\5.2.2.RELEASE\spring-expression-5.2.2.RELEASE.jar;C:\Users\rafae\.m2\repository\org\springframework\boot\spring-boot-starter-test\2.2.2.RELEASE\spring-boot-starter-test-2.2.2.RELEASE.jar;C:\Users\rafae\.m2\repository\org\springframework\boot\spring-boot-test\2.2.2.RELEASE\spring-boot-test-2.2.2.RELEASE.jar;C:\Users\rafae\.m2\repository\org\springframework\boot\spring-boot-test-autoconfigure\2.2.2.RELEASE\spring-boot-test-autoconfigure-2.2.2.RELEASE.jar;C:\Users\rafae\.m2\repository\com\jayway\jsonpath\json-path\2.4.0\json-path-2.4.0.jar;C:\Users\rafae\.m2\repository\net\minidev\json-smart\2.3\json-smart-2.3.jar;C:\Users\rafae\.m2\repository\net\minidev\accessors-smart\1.2\accessors-smart-1.2.jar;C:\Users\rafae\.m2\repository\org\ow2\asm\asm\5.0.4\asm-5.0.4.jar;C:\Users\rafae\.m2\repository\jakarta\xml\bind\jakarta.xml.bind-api\2.3.2\jakarta.xml.bind-api-2.3.2.jar;C:\Users\rafae\.m2\repository\org\junit\jupiter\junit-jupiter\5.5.2\junit-jupiter-5.5.2.jar;C:\Users\rafae\.m2\repository\org\junit\jupiter\junit-jupiter-api\5.5.2\junit-jupiter-api-5.5.2.jar;C:\Users\rafae\.m2\repository\org\opentest4j\opentest4j\1.2.0\opentest4j-1.2.0.jar;C:\Users\rafae\.m2\repository\org\junit\platform\junit-platform-commons\1.5.2\junit-platform-commons-1.5.2.jar;C:\Users\rafae\.m2\repository\org\junit\jupiter\junit-jupiter-params\5.5.2\junit-jupiter-params-5.5.2.jar;C:\Users\rafae\.m2\repository\org\junit\jupiter\junit-jupiter-engine\5.5.2\junit-jupiter-engine-5.5.2.jar;C:\Users\rafae\.m2\repository\org\junit\vintage\junit-vintage-engine\5.5.2\junit-vintage-engine-5.5.2.jar;C:\Users\rafae\.m2\repository\org\apiguardian\apiguardian-api\1.1.0\apiguardian-api-1.1.0.jar;C:\Users\rafae\.m2\repository\org\junit\platform\junit-platform-engine\1.5.2\junit-platform-engine-1.5.2.jar;C:\Users\rafae\.m2\repository\junit\junit\4.12\junit-4.12.jar;C:\Users\rafae\.m2\repository\org\mockito\mockito-junit-jupiter\3.1.0\mockito-junit-jupiter-3.1.0.jar;C:\Users\rafae\.m2\repository\org\assertj\assertj-core\3.13.2\assertj-core-3.13.2.jar;C:\Users\rafae\.m2\repository\org\hamcrest\hamcrest\2.1\hamcrest-2.1.jar;C:\Users\rafae\.m2\repository\org\mockito\mockito-core\3.1.0\mockito-core-3.1.0.jar;C:\Users\rafae\.m2\repository\net\bytebuddy\byte-buddy\1.10.4\byte-buddy-1.10.4.jar;C:\Users\rafae\.m2\repository\net\bytebuddy\byte-buddy-agent\1.10.4\byte-buddy-agent-1.10.4.jar;C:\Users\rafae\.m2\repository\org\objenesis\objenesis\2.6\objenesis-2.6.jar;C:\Users\rafae\.m2\repository\org\skyscreamer\jsonassert\1.5.0\jsonassert-1.5.0.jar;C:\Users\rafae\.m2\repository\com\vaadin\external\google\android-json\0.0.20131108.vaadin1\android-json-0.0.20131108.vaadin1.jar;C:\Users\rafae\.m2\repository\org\springframework\spring-core\5.2.2.RELEASE\spring-core-5.2.2.RELEASE.jar;C:\Users\rafae\.m2\repository\org\springframework\spring-jcl\5.2.2.RELEASE\spring-jcl-5.2.2.RELEASE.jar;C:\Users\rafae\.m2\repository\org\springframework\spring-test\5.2.2.RELEASE\spring-test-5.2.2.RELEASE.jar;C:\Users\rafae\.m2\repository\org\xmlunit\xmlunit-core\2.6.3\xmlunit-core-2.6.3.jar;C:\Users\rafae\.m2\repository\org\springframework\boot\spring-boot-configuration-processor\2.2.2.RELEASE\spring-boot-configuration-processor-2.2.2.RELEASE.jar;C:\Users\rafae\.m2\repository\org\springframework\boot\spring-boot-devtools\2.2.2.RELEASE\spring-boot-devtools-2.2.2.RELEASE.jar;C:\Users\rafae\.m2\repository\org\springframework\boot\spring-boot\2.2.2.RELEASE\spring-boot-2.2.2.RELEASE.jar;C:\Users\rafae\.m2\repository\org\springframework\boot\spring-boot-autoconfigure\2.2.2.RELEASE\spring-boot-autoconfigure-2.2.2.RELEASE.jar;C:\Users\rafae\.m2\repository\org\springframework\boot\spring-boot-starter-data-jpa\2.2.2.RELEASE\spring-boot-starter-data-jpa-2.2.2.RELEASE.jar;C:\Users\rafae\.m2\repository\org\springframework\boot\spring-boot-starter-aop\2.2.2.RELEASE\spring-boot-starter-aop-2.2.2.RELEASE.jar;C:\Users\rafae\.m2\repository\org\aspectj\aspectjweaver\1.9.5\aspectjweaver-1.9.5.jar;C:\Users\rafae\.m2\repository\org\springframework\boot\spring-boot-starter-jdbc\2.2.2.RELEASE\spring-boot-starter-jdbc-2.2.2.RELEASE.jar;C:\Users\rafae\.m2\repository\com\zaxxer\HikariCP\3.4.1\HikariCP-3.4.1.jar;C:\Users\rafae\.m2\repository\org\springframework\spring-jdbc\5.2.2.RELEASE\spring-jdbc-5.2.2.RELEASE.jar;C:\Users\rafae\.m2\repository\jakarta\activation\jakarta.activation-api\1.2.1\jakarta.activation-api-1.2.1.jar;C:\Users\rafae\.m2\repository\jakarta\persistence\jakarta.persistence-api\2.2.3\jakarta.persistence-api-2.2.3.jar;C:\Users\rafae\.m2\repository\jakarta\transaction\jakarta.transaction-api\1.3.3\jakarta.transaction-api-1.3.3.jar;C:\Users\rafae\.m2\repository\org\hibernate\hibernate-core\5.4.9.Final\hibernate-core-5.4.9.Final.jar;C:\Users\rafae\.m2\repository\org\jboss\logging\jboss-logging\3.4.1.Final\jboss-logging-3.4.1.Final.jar;C:\Users\rafae\.m2\repository\org\javassist\javassist\3.24.0-GA\javassist-3.24.0-GA.jar;C:\Users\rafae\.m2\repository\antlr\antlr\2.7.7\antlr-2.7.7.jar;C:\Users\rafae\.m2\repository\org\jboss\jandex\2.1.1.Final\jandex-2.1.1.Final.jar;C:\Users\rafae\.m2\repository\org\dom4j\dom4j\2.1.1\dom4j-2.1.1.jar;C:\Users\rafae\.m2\repository\org\hibernate\common\hibernate-commons-annotations\5.1.0.Final\hibernate-commons-annotations-5.1.0.Final.jar;C:\Users\rafae\.m2\repository\org\glassfish\jaxb\jaxb-runtime\2.3.2\jaxb-runtime-2.3.2.jar;C:\Users\rafae\.m2\repository\org\glassfish\jaxb\txw2\2.3.2\txw2-2.3.2.jar;C:\Users\rafae\.m2\repository\com\sun\istack\istack-commons-runtime\3.0.8\istack-commons-runtime-3.0.8.jar;C:\Users\rafae\.m2\repository\org\jvnet\staxex\stax-ex\1.8.1\stax-ex-1.8.1.jar;C:\Users\rafae\.m2\repository\com\sun\xml\fastinfoset\FastInfoset\1.2.16\FastInfoset-1.2.16.jar;C:\Users\rafae\.m2\repository\org\springframework\data\spring-data-jpa\2.2.3.RELEASE\spring-data-jpa-2.2.3.RELEASE.jar;C:\Users\rafae\.m2\repository\org\springframework\data\spring-data-commons\2.2.3.RELEASE\spring-data-commons-2.2.3.RELEASE.jar;C:\Users\rafae\.m2\repository\org\springframework\spring-orm\5.2.2.RELEASE\spring-orm-5.2.2.RELEASE.jar;C:\Users\rafae\.m2\repository\org\springframework\spring-tx\5.2.2.RELEASE\spring-tx-5.2.2.RELEASE.jar;C:\Users\rafae\.m2\repository\org\springframework\spring-aspects\5.2.2.RELEASE\spring-aspects-5.2.2.RELEASE.jar;C:\Users\rafae\.m2\repository\mysql\mysql-connector-java\8.0.18\mysql-connector-java-8.0.18.jar;C:\Users\rafae\.m2\repository\org\projectlombok\lombok\1.18.10\lombok-1.18.10.jar;C:\Users\rafae\.m2\repository\org\flywaydb\flyway-core\6.0.8\flyway-core-6.0.8.jar;C:\Users\rafae\.m2\repository\org\apache\commons\commons-lang3\3.9\commons-lang3-3.9.jar;C:\Users\rafae\.m2\repository\io\rest-assured\rest-assured\3.3.0\rest-assured-3.3.0.jar;C:\Users\rafae\.m2\repository\org\codehaus\groovy\groovy\2.5.8\groovy-2.5.8.jar;C:\Users\rafae\.m2\repository\org\codehaus\groovy\groovy-xml\2.5.8\groovy-xml-2.5.8.jar;C:\Users\rafae\.m2\repository\org\apache\httpcomponents\httpclient\4.5.10\httpclient-4.5.10.jar;C:\Users\rafae\.m2\repository\org\apache\httpcomponents\httpcore\4.4.12\httpcore-4.4.12.jar;C:\Users\rafae\.m2\repository\commons-codec\commons-codec\1.13\commons-codec-1.13.jar;C:\Users\rafae\.m2\repository\org\apache\httpcomponents\httpmime\4.5.10\httpmime-4.5.10.jar;C:\Users\rafae\.m2\repository\org\hamcrest\hamcrest-core\2.1\hamcrest-core-2.1.jar;C:\Users\rafae\.m2\repository\org\hamcrest\hamcrest-library\2.1\hamcrest-library-2.1.jar;C:\Users\rafae\.m2\repository\org\ccil\cowan\tagsoup\tagsoup\1.2.1\tagsoup-1.2.1.jar;C:\Users\rafae\.m2\repository\io\rest-assured\json-path\3.3.0\json-path-3.3.0.jar;C:\Users\rafae\.m2\repository\org\codehaus\groovy\groovy-json\2.5.8\groovy-json-2.5.8.jar;C:\Users\rafae\.m2\repository\io\rest-assured\rest-assured-common\3.3.0\rest-assured-common-3.3.0.jar;C:\Users\rafae\.m2\repository\io\rest-assured\xml-path\3.3.0\xml-path-3.3.0.jar;C:\Users\rafae\.m2\repository\javax\xml\bind\jaxb-api\2.3.1\jaxb-api-2.3.1.jar;C:\Users\rafae\.m2\repository\javax\activation\javax.activation-api\1.2.0\javax.activation-api-1.2.0.jar;C:\Users\rafae\.m2\repository\com\sun\xml\bind\jaxb-osgi\2.2.10\jaxb-osgi-2.2.10.jar;C:\Users\rafae\.m2\repository\org\apache\sling\org.apache.sling.javax.activation\0.1.0\org.apache.sling.javax.activation-0.1.0.jar;C:\Users\rafae\.m2\repository\javax\activation\activation\1.1.1\activation-1.1.1.jar;C:\Users\rafae\.m2\repository\org\modelmapper\modelmapper\2.3.0\modelmapper-2.3.0.jar;C:\Users\rafae\.m2\repository\com\github\bohnman\squiggly-filter-jackson\1.3.18\squiggly-filter-jackson-1.3.18.jar;C:\Users\rafae\.m2\repository\org\antlr\antlr4-runtime\4.6\antlr4-runtime-4.6.jar;C:\Users\rafae\.m2\repository\com\fasterxml\jackson\core\jackson-databind\2.10.1\jackson-databind-2.10.1.jar;C:\Users\rafae\.m2\repository\commons-beanutils\commons-beanutils\1.9.3\commons-beanutils-1.9.3.jar;C:\Users\rafae\.m2\repository\commons-collections\commons-collections\3.2.2\commons-collections-3.2.2.jar;C:\Users\rafae\.m2\repository\net\jcip\jcip-annotations\1.0\jcip-annotations-1.0.jar;C:\Users\rafae\.m2\repository\net\sf\jasperreports\jasperreports-functions\6.10.0\jasperreports-functions-6.10.0.jar;C:\Users\rafae\.m2\repository\joda-time\joda-time\2.10.5\joda-time-2.10.5.jar;C:\Users\rafae\.m2\repository\net\sf\jasperreports\jasperreports\6.10.0\jasperreports-6.10.0.jar;C:\Users\rafae\.m2\repository\commons-digester\commons-digester\2.1\commons-digester-2.1.jar;C:\Users\rafae\.m2\repository\commons-logging\commons-logging\1.1.1\commons-logging-1.1.1.jar;C:\Users\rafae\.m2\repository\org\apache\commons\commons-collections4\4.2\commons-collections4-4.2.jar;C:\Users\rafae\.m2\repository\com\lowagie\itext\2.1.7.js7\itext-2.1.7.js7.jar;C:\Users\rafae\.m2\repository\org\bouncycastle\bcprov-jdk15on\1.62\bcprov-jdk15on-1.62.jar;C:\Users\rafae\.m2\repository\org\jfree\jcommon\1.0.23\jcommon-1.0.23.jar;C:\Users\rafae\.m2\repository\org\jfree\jfreechart\1.0.19\jfreechart-1.0.19.jar;C:\Users\rafae\.m2\repository\org\eclipse\jdt\core\compiler\ecj\4.4.2\ecj-4.4.2.jar;C:\Users\rafae\.m2\repository\org\codehaus\castor\castor-xml\1.4.1\castor-xml-1.4.1.jar;C:\Users\rafae\.m2\repository\org\codehaus\castor\castor-core\1.4.1\castor-core-1.4.1.jar;C:\Users\rafae\.m2\repository\javax\inject\javax.inject\1\javax.inject-1.jar;C:\Users\rafae\.m2\repository\com\fasterxml\jackson\core\jackson-core\2.10.1\jackson-core-2.10.1.jar;C:\Users\rafae\.m2\repository\com\fasterxml\jackson\core\jackson-annotations\2.10.1\jackson-annotations-2.10.1.jar;C:\Users\rafae\.m2\repository\com\amazonaws\aws-java-sdk-s3\1.11.671\aws-java-sdk-s3-1.11.671.jar;C:\Users\rafae\.m2\repository\com\amazonaws\aws-java-sdk-kms\1.11.671\aws-java-sdk-kms-1.11.671.jar;C:\Users\rafae\.m2\repository\com\amazonaws\aws-java-sdk-core\1.11.671\aws-java-sdk-core-1.11.671.jar;C:\Users\rafae\.m2\repository\software\amazon\ion\ion-java\1.0.2\ion-java-1.0.2.jar;C:\Users\rafae\.m2\repository\com\fasterxml\jackson\dataformat\jackson-dataformat-cbor\2.10.1\jackson-dataformat-cbor-2.10.1.jar;C:\Users\rafae\.m2\repository\com\amazonaws\jmespath-java\1.11.671\jmespath-java-1.11.671.jar;C:\Users\rafae\.m2\repository\org\springframework\boot\spring-boot-starter-mail\2.2.2.RELEASE\spring-boot-starter-mail-2.2.2.RELEASE.jar;C:\Users\rafae\.m2\repository\org\springframework\spring-context-support\5.2.2.RELEASE\spring-context-support-5.2.2.RELEASE.jar;C:\Users\rafae\.m2\repository\com\sun\mail\jakarta.mail\1.6.4\jakarta.mail-1.6.4.jar;C:\Users\rafae\.m2\repository\com\sun\activation\jakarta.activation\1.2.1\jakarta.activation-1.2.1.jar;C:\Users\rafae\.m2\repository\org\springframework\boot\spring-boot-starter-freemarker\2.2.2.RELEASE\spring-boot-starter-freemarker-2.2.2.RELEASE.jar;C:\Users\rafae\.m2\repository\org\freemarker\freemarker\2.3.29\freemarker-2.3.29.jar;C:\Users\rafae\.m2\repository\io\springfox\springfox-swagger2\2.9.2\springfox-swagger2-2.9.2.jar;C:\Users\rafae\.m2\repository\io\swagger\swagger-annotations\1.5.20\swagger-annotations-1.5.20.jar;C:\Users\rafae\.m2\repository\io\swagger\swagger-models\1.5.20\swagger-models-1.5.20.jar;C:\Users\rafae\.m2\repository\io\springfox\springfox-spi\2.9.2\springfox-spi-2.9.2.jar;C:\Users\rafae\.m2\repository\io\springfox\springfox-core\2.9.2\springfox-core-2.9.2.jar;C:\Users\rafae\.m2\repository\io\springfox\springfox-schema\2.9.2\springfox-schema-2.9.2.jar;C:\Users\rafae\.m2\repository\io\springfox\springfox-swagger-common\2.9.2\springfox-swagger-common-2.9.2.jar;C:\Users\rafae\.m2\repository\io\springfox\springfox-spring-web\2.9.2\springfox-spring-web-2.9.2.jar;C:\Users\rafae\.m2\repository\com\google\guava\guava\20.0\guava-20.0.jar;C:\Users\rafae\.m2\repository\com\fasterxml\classmate\1.5.1\classmate-1.5.1.jar;C:\Users\rafae\.m2\repository\org\slf4j\slf4j-api\1.7.29\slf4j-api-1.7.29.jar;C:\Users\rafae\.m2\repository\org\springframework\plugin\spring-plugin-metadata\1.2.0.RELEASE\spring-plugin-metadata-1.2.0.RELEASE.jar;C:\Users\rafae\.m2\repository\org\mapstruct\mapstruct\1.2.0.Final\mapstruct-1.2.0.Final.jar;C:\Users\rafae\.m2\repository\io\springfox\springfox-swagger-ui\2.9.2\springfox-swagger-ui-2.9.2.jar;C:\Users\rafae\.m2\repository\io\springfox\springfox-bean-validators\2.9.2\springfox-bean-validators-2.9.2.jar;C:\Users\rafae\.m2\repository\org\springframework\boot\spring-boot-starter-hateoas\2.2.2.RELEASE\spring-boot-starter-hateoas-2.2.2.RELEASE.jar;C:\Users\rafae\.m2\repository\org\springframework\hateoas\spring-hateoas\1.0.2.RELEASE\spring-hateoas-1.0.2.RELEASE.jar;C:\Users\rafae\.m2\repository\org\springframework\plugin\spring-plugin-core\2.0.0.RELEASE\spring-plugin-core-2.0.0.RELEASE.jar;"/>
    <property name="sun.cpu.endian" value="little"/>
    <property name="user.home" value="C:\Users\rafae"/>
    <property name="user.language" value="pt"/>
    <property name="java.specification.vendor" value="Oracle Corporation"/>
    <property name="java.version.date" value="2020-01-14"/>
    <property name="java.home" value="C:\Program Files\JetBrains\IntelliJ IDEA 2019.3.4\jbr"/>
    <property name="file.separator" value="\"/>
    <property name="basedir" value="C:\Users\rafae\IdeaProjects\algafood"/>
    <property name="java.vm.compressedOopsMode" value="Zero based"/>
    <property name="line.separator" value="&#10;"/>
    <property name="java.specification.name" value="Java Platform API Specification"/>
    <property name="java.vm.specification.vendor" value="Oracle Corporation"/>
    <property name="java.awt.graphicsenv" value="sun.awt.Win32GraphicsEnvironment"/>
    <property name="surefire.real.class.path" value="C:\Users\rafae\AppData\Local\Temp\surefire16639854505203167556\surefirebooter2571225329999147776.jar"/>
    <property name="user.script" value=""/>
    <property name="sun.management.compiler" value="HotSpot 64-Bit Tiered Compilers"/>
    <property name="java.runtime.version" value="11.0.6+8-b520.43"/>
    <property name="user.name" value="rafae"/>
    <property name="path.separator" value=";"/>
    <property name="os.version" value="10.0"/>
    <property name="java.runtime.name" value="OpenJDK Runtime Environment"/>
    <property name="file.encoding" value="Cp1252"/>
    <property name="java.vm.name" value="OpenJDK 64-Bit Server VM"/>
    <property name="localRepository" value="C:\Users\rafae\.m2\repository"/>
    <property name="java.vendor.url.bug" value="https://youtrack.jetbrains.com"/>
    <property name="java.io.tmpdir" value="C:\Users\rafae\AppData\Local\Temp\"/>
    <property name="java.version" value="11.0.6"/>
    <property name="user.dir" value="C:\Users\rafae\IdeaProjects\algafood"/>
    <property name="os.arch" value="amd64"/>
    <property name="java.vm.specification.name" value="Java Virtual Machine Specification"/>
    <property name="java.awt.printerjob" value="sun.awt.windows.WPrinterJob"/>
    <property name="sun.os.patch.level" value=""/>
    <property name="idea.version2019.3.4" value="true"/>
    <property name="java.library.path" value="C:\Program Files\JetBrains\IntelliJ IDEA 2019.3.4\jbr\bin;C:\Windows\Sun\Java\bin;C:\Windows\system32;C:\Windows;C:\Windows\system32;C:\Windows;C:\Windows\System32\Wbem;C:\Windows\System32\WindowsPowerShell\v1.0\;C:\Windows\System32\OpenSSH\;C:\Program Files\Git\cmd;C:\jdk-11.0.1\bin;C:\Program Files\MySQL\MySQL Shell 8.0\bin\;C:\Users\rafae\AppData\Local\Microsoft\WindowsApps;C:\Program Files\JetBrains\IntelliJ IDEA 2019.3.4\bin;;C:\jdk-11.0.1\bin;;."/>
    <property name="java.vendor" value="JetBrains s.r.o"/>
    <property name="java.vm.info" value="mixed mode, sharing"/>
    <property name="java.vm.version" value="11.0.6+8-b520.43"/>
    <property name="sun.io.unicode.encoding" value="UnicodeLittle"/>
    <property name="java.class.version" value="55.0"/>
  </properties>
  <testcase name="deveRetornarQuantidadeCorretaDeCozinhas_QuandoConsultarCozinhas" classname="com.algaworks.algafood.CadastroCozinhaIT" time="6.287">
    <failure message="1 expectation failed.&#10;JSON path  doesn&apos;t match.&#10;Expected: a collection with size &lt;2&gt;&#10;  Actual: {_embedded={cozinhas=[{_links={cozinhas={href=http://localhost:55230/cozinhas}, self={href=http://localhost:55230/cozinhas/1}}, nome=Tailandesa, id=1}, {_links={cozinhas={href=http://localhost:55230/cozinhas}, self={href=http://localhost:55230/cozinhas/2}}, nome=Americana, id=2}]}, _links={self={href=http://localhost:55230/cozinhas?page=0&amp;size=10}}, page={number=0, size=10, totalPages=1, totalElements=2}}&#10;" type="java.lang.AssertionError"><![CDATA[java.lang.AssertionError: 
1 expectation failed.
JSON path  doesn't match.
Expected: a collection with size <2>
  Actual: {_embedded={cozinhas=[{_links={cozinhas={href=http://localhost:55230/cozinhas}, self={href=http://localhost:55230/cozinhas/1}}, nome=Tailandesa, id=1}, {_links={cozinhas={href=http://localhost:55230/cozinhas}, self={href=http://localhost:55230/cozinhas/2}}, nome=Americana, id=2}]}, _links={self={href=http://localhost:55230/cozinhas?page=0&size=10}}, page={number=0, size=10, totalPages=1, totalElements=2}}

	at com.algaworks.algafood.CadastroCozinhaIT.deveRetornarQuantidadeCorretaDeCozinhas_QuandoConsultarCozinhas(CadastroCozinhaIT.java:72)
]]></failure>
    <system-out><![CDATA[00:19:00.018 [main] DEBUG org.springframework.test.context.junit4.SpringJUnit4ClassRunner - SpringJUnit4ClassRunner constructor called with [class com.algaworks.algafood.CadastroCozinhaIT]
00:19:00.050 [main] DEBUG org.springframework.test.context.BootstrapUtils - Instantiating CacheAwareContextLoaderDelegate from class [org.springframework.test.context.cache.DefaultCacheAwareContextLoaderDelegate]
00:19:00.102 [main] DEBUG org.springframework.test.context.BootstrapUtils - Instantiating BootstrapContext using constructor [public org.springframework.test.context.support.DefaultBootstrapContext(java.lang.Class,org.springframework.test.context.CacheAwareContextLoaderDelegate)]
00:19:00.230 [main] DEBUG org.springframework.test.context.BootstrapUtils - Instantiating TestContextBootstrapper for test class [com.algaworks.algafood.CadastroCozinhaIT] from class [org.springframework.boot.test.context.SpringBootTestContextBootstrapper]
00:19:00.292 [main] INFO org.springframework.boot.test.context.SpringBootTestContextBootstrapper - Neither @ContextConfiguration nor @ContextHierarchy found for test class [com.algaworks.algafood.CadastroCozinhaIT], using SpringBootContextLoader
00:19:00.324 [main] DEBUG org.springframework.test.context.support.AbstractContextLoader - Did not detect default resource location for test class [com.algaworks.algafood.CadastroCozinhaIT]: class path resource [com/algaworks/algafood/CadastroCozinhaIT-context.xml] does not exist
00:19:00.324 [main] DEBUG org.springframework.test.context.support.AbstractContextLoader - Did not detect default resource location for test class [com.algaworks.algafood.CadastroCozinhaIT]: class path resource [com/algaworks/algafood/CadastroCozinhaITContext.groovy] does not exist
00:19:00.324 [main] INFO org.springframework.test.context.support.AbstractContextLoader - Could not detect default resource locations for test class [com.algaworks.algafood.CadastroCozinhaIT]: no resource found for suffixes {-context.xml, Context.groovy}.
00:19:00.324 [main] INFO org.springframework.test.context.support.AnnotationConfigContextLoaderUtils - Could not detect default configuration classes for test class [com.algaworks.algafood.CadastroCozinhaIT]: CadastroCozinhaIT does not declare any static, non-private, non-final, nested classes annotated with @Configuration.
00:19:00.552 [main] DEBUG org.springframework.test.context.support.ActiveProfilesUtils - Could not find an 'annotation declaring class' for annotation type [org.springframework.test.context.ActiveProfiles] and class [com.algaworks.algafood.CadastroCozinhaIT]
00:19:00.823 [main] DEBUG org.springframework.context.annotation.ClassPathScanningCandidateComponentProvider - Identified candidate component class: file [C:\Users\rafae\IdeaProjects\algafood\target\classes\com\algaworks\algafood\AlgafoodApiApplication.class]
00:19:00.826 [main] INFO org.springframework.boot.test.context.SpringBootTestContextBootstrapper - Found @SpringBootConfiguration com.algaworks.algafood.AlgafoodApiApplication for test class com.algaworks.algafood.CadastroCozinhaIT
00:19:01.570 [main] DEBUG org.springframework.boot.test.context.SpringBootTestContextBootstrapper - @TestExecutionListeners is not present for class [com.algaworks.algafood.CadastroCozinhaIT]: using defaults.
00:19:01.586 [main] INFO org.springframework.boot.test.context.SpringBootTestContextBootstrapper - Loaded default TestExecutionListener class names from location [META-INF/spring.factories]: [org.springframework.boot.test.mock.mockito.MockitoTestExecutionListener, org.springframework.boot.test.mock.mockito.ResetMocksTestExecutionListener, org.springframework.boot.test.autoconfigure.restdocs.RestDocsTestExecutionListener, org.springframework.boot.test.autoconfigure.web.client.MockRestServiceServerResetTestExecutionListener, org.springframework.boot.test.autoconfigure.web.servlet.MockMvcPrintOnlyOnFailureTestExecutionListener, org.springframework.boot.test.autoconfigure.web.servlet.WebDriverTestExecutionListener, org.springframework.test.context.web.ServletTestExecutionListener, org.springframework.test.context.support.DirtiesContextBeforeModesTestExecutionListener, org.springframework.test.context.support.DependencyInjectionTestExecutionListener, org.springframework.test.context.support.DirtiesContextTestExecutionListener, org.springframework.test.context.transaction.TransactionalTestExecutionListener, org.springframework.test.context.jdbc.SqlScriptsTestExecutionListener, org.springframework.test.context.event.EventPublishingTestExecutionListener]
00:19:01.638 [main] INFO org.springframework.boot.test.context.SpringBootTestContextBootstrapper - Using TestExecutionListeners: [org.springframework.test.context.web.ServletTestExecutionListener@181e731e, org.springframework.test.context.support.DirtiesContextBeforeModesTestExecutionListener@35645047, org.springframework.boot.test.mock.mockito.MockitoTestExecutionListener@6f44a157, org.springframework.boot.test.autoconfigure.SpringBootDependencyInjectionTestExecutionListener@6bc407fd, org.springframework.test.context.support.DirtiesContextTestExecutionListener@291f18, org.springframework.test.context.transaction.TransactionalTestExecutionListener@17d88132, org.springframework.test.context.jdbc.SqlScriptsTestExecutionListener@5ddcc487, org.springframework.test.context.event.EventPublishingTestExecutionListener@16eccb2e, org.springframework.boot.test.mock.mockito.ResetMocksTestExecutionListener@5ef5c734, org.springframework.boot.test.autoconfigure.restdocs.RestDocsTestExecutionListener@d771cc9, org.springframework.boot.test.autoconfigure.web.client.MockRestServiceServerResetTestExecutionListener@36b4091c, org.springframework.boot.test.autoconfigure.web.servlet.MockMvcPrintOnlyOnFailureTestExecutionListener@4671115f, org.springframework.boot.test.autoconfigure.web.servlet.WebDriverTestExecutionListener@36cda2c2]
00:19:01.667 [main] DEBUG org.springframework.test.annotation.ProfileValueUtils - Retrieved @ProfileValueSourceConfiguration [null] for test class [com.algaworks.algafood.CadastroCozinhaIT]
00:19:01.667 [main] DEBUG org.springframework.test.annotation.ProfileValueUtils - Retrieved ProfileValueSource type [class org.springframework.test.annotation.SystemProfileValueSource] for class [com.algaworks.algafood.CadastroCozinhaIT]
00:19:01.791 [main] DEBUG org.springframework.test.context.junit4.SpringJUnit4ClassRunner - SpringJUnit4ClassRunner constructor called with [class com.algaworks.algafood.CadastroRestauranteIT]
00:19:01.791 [main] DEBUG org.springframework.test.context.BootstrapUtils - Instantiating CacheAwareContextLoaderDelegate from class [org.springframework.test.context.cache.DefaultCacheAwareContextLoaderDelegate]
00:19:01.791 [main] DEBUG org.springframework.test.context.BootstrapUtils - Instantiating BootstrapContext using constructor [public org.springframework.test.context.support.DefaultBootstrapContext(java.lang.Class,org.springframework.test.context.CacheAwareContextLoaderDelegate)]
00:19:01.791 [main] DEBUG org.springframework.test.context.BootstrapUtils - Instantiating TestContextBootstrapper for test class [com.algaworks.algafood.CadastroRestauranteIT] from class [org.springframework.boot.test.context.SpringBootTestContextBootstrapper]
00:19:01.791 [main] INFO org.springframework.boot.test.context.SpringBootTestContextBootstrapper - Neither @ContextConfiguration nor @ContextHierarchy found for test class [com.algaworks.algafood.CadastroRestauranteIT], using SpringBootContextLoader
00:19:01.791 [main] DEBUG org.springframework.test.context.support.AbstractContextLoader - Did not detect default resource location for test class [com.algaworks.algafood.CadastroRestauranteIT]: class path resource [com/algaworks/algafood/CadastroRestauranteIT-context.xml] does not exist
00:19:01.791 [main] DEBUG org.springframework.test.context.support.AbstractContextLoader - Did not detect default resource location for test class [com.algaworks.algafood.CadastroRestauranteIT]: class path resource [com/algaworks/algafood/CadastroRestauranteITContext.groovy] does not exist
00:19:01.791 [main] INFO org.springframework.test.context.support.AbstractContextLoader - Could not detect default resource locations for test class [com.algaworks.algafood.CadastroRestauranteIT]: no resource found for suffixes {-context.xml, Context.groovy}.
00:19:01.791 [main] INFO org.springframework.test.context.support.AnnotationConfigContextLoaderUtils - Could not detect default configuration classes for test class [com.algaworks.algafood.CadastroRestauranteIT]: CadastroRestauranteIT does not declare any static, non-private, non-final, nested classes annotated with @Configuration.
00:19:01.806 [main] DEBUG org.springframework.test.context.support.ActiveProfilesUtils - Could not find an 'annotation declaring class' for annotation type [org.springframework.test.context.ActiveProfiles] and class [com.algaworks.algafood.CadastroRestauranteIT]
00:19:01.806 [main] INFO org.springframework.boot.test.context.SpringBootTestContextBootstrapper - Found @SpringBootConfiguration com.algaworks.algafood.AlgafoodApiApplication for test class com.algaworks.algafood.CadastroRestauranteIT
00:19:01.806 [main] DEBUG org.springframework.boot.test.context.SpringBootTestContextBootstrapper - @TestExecutionListeners is not present for class [com.algaworks.algafood.CadastroRestauranteIT]: using defaults.
00:19:01.806 [main] INFO org.springframework.boot.test.context.SpringBootTestContextBootstrapper - Loaded default TestExecutionListener class names from location [META-INF/spring.factories]: [org.springframework.boot.test.mock.mockito.MockitoTestExecutionListener, org.springframework.boot.test.mock.mockito.ResetMocksTestExecutionListener, org.springframework.boot.test.autoconfigure.restdocs.RestDocsTestExecutionListener, org.springframework.boot.test.autoconfigure.web.client.MockRestServiceServerResetTestExecutionListener, org.springframework.boot.test.autoconfigure.web.servlet.MockMvcPrintOnlyOnFailureTestExecutionListener, org.springframework.boot.test.autoconfigure.web.servlet.WebDriverTestExecutionListener, org.springframework.test.context.web.ServletTestExecutionListener, org.springframework.test.context.support.DirtiesContextBeforeModesTestExecutionListener, org.springframework.test.context.support.DependencyInjectionTestExecutionListener, org.springframework.test.context.support.DirtiesContextTestExecutionListener, org.springframework.test.context.transaction.TransactionalTestExecutionListener, org.springframework.test.context.jdbc.SqlScriptsTestExecutionListener, org.springframework.test.context.event.EventPublishingTestExecutionListener]
00:19:01.806 [main] INFO org.springframework.boot.test.context.SpringBootTestContextBootstrapper - Using TestExecutionListeners: [org.springframework.test.context.web.ServletTestExecutionListener@66c92293, org.springframework.test.context.support.DirtiesContextBeforeModesTestExecutionListener@332796d3, org.springframework.boot.test.mock.mockito.MockitoTestExecutionListener@4f0100a7, org.springframework.boot.test.autoconfigure.SpringBootDependencyInjectionTestExecutionListener@3cdf2c61, org.springframework.test.context.support.DirtiesContextTestExecutionListener@13ad5cd3, org.springframework.test.context.transaction.TransactionalTestExecutionListener@1c33c17b, org.springframework.test.context.jdbc.SqlScriptsTestExecutionListener@5bf0fe62, org.springframework.test.context.event.EventPublishingTestExecutionListener@1e097d59, org.springframework.boot.test.mock.mockito.ResetMocksTestExecutionListener@673be18f, org.springframework.boot.test.autoconfigure.restdocs.RestDocsTestExecutionListener@6581dc0a, org.springframework.boot.test.autoconfigure.web.client.MockRestServiceServerResetTestExecutionListener@39de3d36, org.springframework.boot.test.autoconfigure.web.servlet.MockMvcPrintOnlyOnFailureTestExecutionListener@6ce86ce1, org.springframework.boot.test.autoconfigure.web.servlet.WebDriverTestExecutionListener@54e7df6a]
00:19:01.806 [main] DEBUG org.springframework.test.annotation.ProfileValueUtils - Retrieved @ProfileValueSourceConfiguration [null] for test class [com.algaworks.algafood.CadastroRestauranteIT]
00:19:01.806 [main] DEBUG org.springframework.test.annotation.ProfileValueUtils - Retrieved ProfileValueSource type [class org.springframework.test.annotation.SystemProfileValueSource] for class [com.algaworks.algafood.CadastroRestauranteIT]
00:19:01.852 [main] DEBUG org.springframework.test.context.junit4.SpringJUnit4ClassRunner - SpringJUnit4ClassRunner constructor called with [class com.algaworks.algafood.CadastroCozinhaIT]
00:19:01.852 [main] DEBUG org.springframework.test.context.BootstrapUtils - Instantiating CacheAwareContextLoaderDelegate from class [org.springframework.test.context.cache.DefaultCacheAwareContextLoaderDelegate]
00:19:01.853 [main] DEBUG org.springframework.test.context.BootstrapUtils - Instantiating BootstrapContext using constructor [public org.springframework.test.context.support.DefaultBootstrapContext(java.lang.Class,org.springframework.test.context.CacheAwareContextLoaderDelegate)]
00:19:01.853 [main] DEBUG org.springframework.test.context.BootstrapUtils - Instantiating TestContextBootstrapper for test class [com.algaworks.algafood.CadastroCozinhaIT] from class [org.springframework.boot.test.context.SpringBootTestContextBootstrapper]
00:19:01.855 [main] INFO org.springframework.boot.test.context.SpringBootTestContextBootstrapper - Neither @ContextConfiguration nor @ContextHierarchy found for test class [com.algaworks.algafood.CadastroCozinhaIT], using SpringBootContextLoader
00:19:01.857 [main] DEBUG org.springframework.test.context.support.AbstractContextLoader - Did not detect default resource location for test class [com.algaworks.algafood.CadastroCozinhaIT]: class path resource [com/algaworks/algafood/CadastroCozinhaIT-context.xml] does not exist
00:19:01.858 [main] DEBUG org.springframework.test.context.support.AbstractContextLoader - Did not detect default resource location for test class [com.algaworks.algafood.CadastroCozinhaIT]: class path resource [com/algaworks/algafood/CadastroCozinhaITContext.groovy] does not exist
00:19:01.859 [main] INFO org.springframework.test.context.support.AbstractContextLoader - Could not detect default resource locations for test class [com.algaworks.algafood.CadastroCozinhaIT]: no resource found for suffixes {-context.xml, Context.groovy}.
00:19:01.859 [main] INFO org.springframework.test.context.support.AnnotationConfigContextLoaderUtils - Could not detect default configuration classes for test class [com.algaworks.algafood.CadastroCozinhaIT]: CadastroCozinhaIT does not declare any static, non-private, non-final, nested classes annotated with @Configuration.
00:19:01.870 [main] DEBUG org.springframework.test.context.support.ActiveProfilesUtils - Could not find an 'annotation declaring class' for annotation type [org.springframework.test.context.ActiveProfiles] and class [com.algaworks.algafood.CadastroCozinhaIT]
00:19:01.871 [main] INFO org.springframework.boot.test.context.SpringBootTestContextBootstrapper - Found @SpringBootConfiguration com.algaworks.algafood.AlgafoodApiApplication for test class com.algaworks.algafood.CadastroCozinhaIT
00:19:01.876 [main] DEBUG org.springframework.boot.test.context.SpringBootTestContextBootstrapper - @TestExecutionListeners is not present for class [com.algaworks.algafood.CadastroCozinhaIT]: using defaults.
00:19:01.876 [main] INFO org.springframework.boot.test.context.SpringBootTestContextBootstrapper - Loaded default TestExecutionListener class names from location [META-INF/spring.factories]: [org.springframework.boot.test.mock.mockito.MockitoTestExecutionListener, org.springframework.boot.test.mock.mockito.ResetMocksTestExecutionListener, org.springframework.boot.test.autoconfigure.restdocs.RestDocsTestExecutionListener, org.springframework.boot.test.autoconfigure.web.client.MockRestServiceServerResetTestExecutionListener, org.springframework.boot.test.autoconfigure.web.servlet.MockMvcPrintOnlyOnFailureTestExecutionListener, org.springframework.boot.test.autoconfigure.web.servlet.WebDriverTestExecutionListener, org.springframework.test.context.web.ServletTestExecutionListener, org.springframework.test.context.support.DirtiesContextBeforeModesTestExecutionListener, org.springframework.test.context.support.DependencyInjectionTestExecutionListener, org.springframework.test.context.support.DirtiesContextTestExecutionListener, org.springframework.test.context.transaction.TransactionalTestExecutionListener, org.springframework.test.context.jdbc.SqlScriptsTestExecutionListener, org.springframework.test.context.event.EventPublishingTestExecutionListener]
00:19:01.876 [main] INFO org.springframework.boot.test.context.SpringBootTestContextBootstrapper - Using TestExecutionListeners: [org.springframework.test.context.web.ServletTestExecutionListener@7f0d96f2, org.springframework.test.context.support.DirtiesContextBeforeModesTestExecutionListener@545b995e, org.springframework.boot.test.mock.mockito.MockitoTestExecutionListener@76a2ddf3, org.springframework.boot.test.autoconfigure.SpringBootDependencyInjectionTestExecutionListener@524f3b3a, org.springframework.test.context.support.DirtiesContextTestExecutionListener@41e68d87, org.springframework.test.context.transaction.TransactionalTestExecutionListener@49ff7d8c, org.springframework.test.context.jdbc.SqlScriptsTestExecutionListener@29526c05, org.springframework.test.context.event.EventPublishingTestExecutionListener@2ef14fe, org.springframework.boot.test.mock.mockito.ResetMocksTestExecutionListener@77102b91, org.springframework.boot.test.autoconfigure.restdocs.RestDocsTestExecutionListener@45312be2, org.springframework.boot.test.autoconfigure.web.client.MockRestServiceServerResetTestExecutionListener@7fb95505, org.springframework.boot.test.autoconfigure.web.servlet.MockMvcPrintOnlyOnFailureTestExecutionListener@58be6e8, org.springframework.boot.test.autoconfigure.web.servlet.WebDriverTestExecutionListener@7331196b]
00:19:01.876 [main] DEBUG org.springframework.test.annotation.ProfileValueUtils - Retrieved @ProfileValueSourceConfiguration [null] for test class [com.algaworks.algafood.CadastroCozinhaIT]
00:19:01.876 [main] DEBUG org.springframework.test.annotation.ProfileValueUtils - Retrieved ProfileValueSource type [class org.springframework.test.annotation.SystemProfileValueSource] for class [com.algaworks.algafood.CadastroCozinhaIT]
00:19:01.876 [main] DEBUG org.springframework.test.context.junit4.SpringJUnit4ClassRunner - SpringJUnit4ClassRunner constructor called with [class com.algaworks.algafood.CadastroRestauranteIT]
00:19:01.876 [main] DEBUG org.springframework.test.context.BootstrapUtils - Instantiating CacheAwareContextLoaderDelegate from class [org.springframework.test.context.cache.DefaultCacheAwareContextLoaderDelegate]
00:19:01.876 [main] DEBUG org.springframework.test.context.BootstrapUtils - Instantiating BootstrapContext using constructor [public org.springframework.test.context.support.DefaultBootstrapContext(java.lang.Class,org.springframework.test.context.CacheAwareContextLoaderDelegate)]
00:19:01.876 [main] DEBUG org.springframework.test.context.BootstrapUtils - Instantiating TestContextBootstrapper for test class [com.algaworks.algafood.CadastroRestauranteIT] from class [org.springframework.boot.test.context.SpringBootTestContextBootstrapper]
00:19:01.876 [main] INFO org.springframework.boot.test.context.SpringBootTestContextBootstrapper - Neither @ContextConfiguration nor @ContextHierarchy found for test class [com.algaworks.algafood.CadastroRestauranteIT], using SpringBootContextLoader
00:19:01.876 [main] DEBUG org.springframework.test.context.support.AbstractContextLoader - Did not detect default resource location for test class [com.algaworks.algafood.CadastroRestauranteIT]: class path resource [com/algaworks/algafood/CadastroRestauranteIT-context.xml] does not exist
00:19:01.876 [main] DEBUG org.springframework.test.context.support.AbstractContextLoader - Did not detect default resource location for test class [com.algaworks.algafood.CadastroRestauranteIT]: class path resource [com/algaworks/algafood/CadastroRestauranteITContext.groovy] does not exist
00:19:01.876 [main] INFO org.springframework.test.context.support.AbstractContextLoader - Could not detect default resource locations for test class [com.algaworks.algafood.CadastroRestauranteIT]: no resource found for suffixes {-context.xml, Context.groovy}.
00:19:01.876 [main] INFO org.springframework.test.context.support.AnnotationConfigContextLoaderUtils - Could not detect default configuration classes for test class [com.algaworks.algafood.CadastroRestauranteIT]: CadastroRestauranteIT does not declare any static, non-private, non-final, nested classes annotated with @Configuration.
00:19:01.892 [main] DEBUG org.springframework.test.context.support.ActiveProfilesUtils - Could not find an 'annotation declaring class' for annotation type [org.springframework.test.context.ActiveProfiles] and class [com.algaworks.algafood.CadastroRestauranteIT]
00:19:01.892 [main] INFO org.springframework.boot.test.context.SpringBootTestContextBootstrapper - Found @SpringBootConfiguration com.algaworks.algafood.AlgafoodApiApplication for test class com.algaworks.algafood.CadastroRestauranteIT
00:19:01.892 [main] DEBUG org.springframework.boot.test.context.SpringBootTestContextBootstrapper - @TestExecutionListeners is not present for class [com.algaworks.algafood.CadastroRestauranteIT]: using defaults.
00:19:01.892 [main] INFO org.springframework.boot.test.context.SpringBootTestContextBootstrapper - Loaded default TestExecutionListener class names from location [META-INF/spring.factories]: [org.springframework.boot.test.mock.mockito.MockitoTestExecutionListener, org.springframework.boot.test.mock.mockito.ResetMocksTestExecutionListener, org.springframework.boot.test.autoconfigure.restdocs.RestDocsTestExecutionListener, org.springframework.boot.test.autoconfigure.web.client.MockRestServiceServerResetTestExecutionListener, org.springframework.boot.test.autoconfigure.web.servlet.MockMvcPrintOnlyOnFailureTestExecutionListener, org.springframework.boot.test.autoconfigure.web.servlet.WebDriverTestExecutionListener, org.springframework.test.context.web.ServletTestExecutionListener, org.springframework.test.context.support.DirtiesContextBeforeModesTestExecutionListener, org.springframework.test.context.support.DependencyInjectionTestExecutionListener, org.springframework.test.context.support.DirtiesContextTestExecutionListener, org.springframework.test.context.transaction.TransactionalTestExecutionListener, org.springframework.test.context.jdbc.SqlScriptsTestExecutionListener, org.springframework.test.context.event.EventPublishingTestExecutionListener]
00:19:01.892 [main] INFO org.springframework.boot.test.context.SpringBootTestContextBootstrapper - Using TestExecutionListeners: [org.springframework.test.context.web.ServletTestExecutionListener@64a40280, org.springframework.test.context.support.DirtiesContextBeforeModesTestExecutionListener@4b40f651, org.springframework.boot.test.mock.mockito.MockitoTestExecutionListener@42b02722, org.springframework.boot.test.autoconfigure.SpringBootDependencyInjectionTestExecutionListener@d62fe5b, org.springframework.test.context.support.DirtiesContextTestExecutionListener@49964d75, org.springframework.test.context.transaction.TransactionalTestExecutionListener@528c868, org.springframework.test.context.jdbc.SqlScriptsTestExecutionListener@466276d8, org.springframework.test.context.event.EventPublishingTestExecutionListener@5ce8d869, org.springframework.boot.test.mock.mockito.ResetMocksTestExecutionListener@27eedb64, org.springframework.boot.test.autoconfigure.restdocs.RestDocsTestExecutionListener@64c63c79, org.springframework.boot.test.autoconfigure.web.client.MockRestServiceServerResetTestExecutionListener@31c7528f, org.springframework.boot.test.autoconfigure.web.servlet.MockMvcPrintOnlyOnFailureTestExecutionListener@2b76ff4e, org.springframework.boot.test.autoconfigure.web.servlet.WebDriverTestExecutionListener@7a1234bf]
00:19:01.892 [main] DEBUG org.springframework.test.annotation.ProfileValueUtils - Retrieved @ProfileValueSourceConfiguration [null] for test class [com.algaworks.algafood.CadastroRestauranteIT]
00:19:01.892 [main] DEBUG org.springframework.test.annotation.ProfileValueUtils - Retrieved ProfileValueSource type [class org.springframework.test.annotation.SystemProfileValueSource] for class [com.algaworks.algafood.CadastroRestauranteIT]
00:19:02.091 [main] DEBUG org.springframework.test.annotation.ProfileValueUtils - Retrieved @ProfileValueSourceConfiguration [null] for test class [com.algaworks.algafood.CadastroCozinhaIT]
00:19:02.091 [main] DEBUG org.springframework.test.annotation.ProfileValueUtils - Retrieved ProfileValueSource type [class org.springframework.test.annotation.SystemProfileValueSource] for class [com.algaworks.algafood.CadastroCozinhaIT]
00:19:02.091 [main] DEBUG org.springframework.test.annotation.ProfileValueUtils - Retrieved @ProfileValueSourceConfiguration [null] for test class [com.algaworks.algafood.CadastroCozinhaIT]
00:19:02.091 [main] DEBUG org.springframework.test.annotation.ProfileValueUtils - Retrieved ProfileValueSource type [class org.springframework.test.annotation.SystemProfileValueSource] for class [com.algaworks.algafood.CadastroCozinhaIT]
00:19:02.120 [main] DEBUG org.springframework.test.annotation.ProfileValueUtils - Retrieved @ProfileValueSourceConfiguration [null] for test class [com.algaworks.algafood.CadastroCozinhaIT]
00:19:02.120 [main] DEBUG org.springframework.test.annotation.ProfileValueUtils - Retrieved ProfileValueSource type [class org.springframework.test.annotation.SystemProfileValueSource] for class [com.algaworks.algafood.CadastroCozinhaIT]
00:19:02.136 [main] DEBUG org.springframework.test.context.support.AbstractDirtiesContextTestExecutionListener - Before test class: context [DefaultTestContext@1b73be9f testClass = CadastroCozinhaIT, testInstance = [null], testMethod = [null], testException = [null], mergedContextConfiguration = [WebMergedContextConfiguration@628c4ac0 testClass = CadastroCozinhaIT, locations = '{}', classes = '{class com.algaworks.algafood.AlgafoodApiApplication}', contextInitializerClasses = '[]', activeProfiles = '{}', propertySourceLocations = '{classpath:/application-test.properties}', propertySourceProperties = '{org.springframework.boot.test.context.SpringBootTestContextBootstrapper=true, server.port=0}', contextCustomizers = set[org.springframework.boot.test.context.filter.ExcludeFilterContextCustomizer@41c2284a, org.springframework.boot.test.json.DuplicateJsonObjectContextCustomizerFactory$DuplicateJsonObjectContextCustomizer@1fb700ee, org.springframework.boot.test.mock.mockito.MockitoContextCustomizer@0, org.springframework.boot.test.web.client.TestRestTemplateContextCustomizer@2892dae4, org.springframework.boot.test.autoconfigure.properties.PropertyMappingContextCustomizer@0, org.springframework.boot.test.autoconfigure.web.servlet.WebDriverContextCustomizerFactory$Customizer@2e55dd0c], resourceBasePath = 'src/main/webapp', contextLoader = 'org.springframework.boot.test.context.SpringBootContextLoader', parent = [null]], attributes = map['org.springframework.test.context.web.ServletTestExecutionListener.activateListener' -> false]], class annotated with @DirtiesContext [false] with mode [null].
00:19:02.141 [main] DEBUG org.springframework.test.annotation.ProfileValueUtils - Retrieved @ProfileValueSourceConfiguration [null] for test class [com.algaworks.algafood.CadastroCozinhaIT]
00:19:02.141 [main] DEBUG org.springframework.test.annotation.ProfileValueUtils - Retrieved ProfileValueSource type [class org.springframework.test.annotation.SystemProfileValueSource] for class [com.algaworks.algafood.CadastroCozinhaIT]
00:19:02.150 [main] DEBUG org.springframework.test.context.support.DependencyInjectionTestExecutionListener - Performing dependency injection for test context [[DefaultTestContext@1b73be9f testClass = CadastroCozinhaIT, testInstance = com.algaworks.algafood.CadastroCozinhaIT@301ec38b, testMethod = [null], testException = [null], mergedContextConfiguration = [WebMergedContextConfiguration@628c4ac0 testClass = CadastroCozinhaIT, locations = '{}', classes = '{class com.algaworks.algafood.AlgafoodApiApplication}', contextInitializerClasses = '[]', activeProfiles = '{}', propertySourceLocations = '{classpath:/application-test.properties}', propertySourceProperties = '{org.springframework.boot.test.context.SpringBootTestContextBootstrapper=true, server.port=0}', contextCustomizers = set[org.springframework.boot.test.context.filter.ExcludeFilterContextCustomizer@41c2284a, org.springframework.boot.test.json.DuplicateJsonObjectContextCustomizerFactory$DuplicateJsonObjectContextCustomizer@1fb700ee, org.springframework.boot.test.mock.mockito.MockitoContextCustomizer@0, org.springframework.boot.test.web.client.TestRestTemplateContextCustomizer@2892dae4, org.springframework.boot.test.autoconfigure.properties.PropertyMappingContextCustomizer@0, org.springframework.boot.test.autoconfigure.web.servlet.WebDriverContextCustomizerFactory$Customizer@2e55dd0c], resourceBasePath = 'src/main/webapp', contextLoader = 'org.springframework.boot.test.context.SpringBootContextLoader', parent = [null]], attributes = map['org.springframework.test.context.web.ServletTestExecutionListener.activateListener' -> false]]].
00:19:02.280 [main] DEBUG org.springframework.test.context.support.TestPropertySourceUtils - Adding inlined properties to environment: {spring.jmx.enabled=false, org.springframework.boot.test.context.SpringBootTestContextBootstrapper=true, server.port=0}

  .   ____          _            __ _ _
 /\\ / ___'_ __ _ _(_)_ __  __ _ \ \ \ \
( ( )\___ | '_ | '_| | '_ \/ _` | \ \ \ \
 \\/  ___)| |_)| | | | | || (_| |  ) ) ) )
  '  |____| .__|_| |_|_| |_\__, | / / / /
 =========|_|==============|___/=/_/_/_/
 :: Spring Boot ::        (v2.2.2.RELEASE)

2020-03-26 00:19:03.312  INFO 8360 --- [           main] c.algaworks.algafood.CadastroCozinhaIT   : Starting CadastroCozinhaIT on DESKTOP-LJ6F5O6 with PID 8360 (started by rafae in C:\Users\rafae\IdeaProjects\algafood)
2020-03-26 00:19:03.314  INFO 8360 --- [           main] c.algaworks.algafood.CadastroCozinhaIT   : No active profile set, falling back to default profiles: default
2020-03-26 00:19:11.827  INFO 8360 --- [           main] .s.d.r.c.RepositoryConfigurationDelegate : Bootstrapping Spring Data JPA repositories in DEFAULT mode.
2020-03-26 00:19:12.803  INFO 8360 --- [           main] .s.d.r.c.RepositoryConfigurationDelegate : Finished Spring Data repository scanning in 913ms. Found 10 JPA repository interfaces.
2020-03-26 00:19:15.621  INFO 8360 --- [           main] trationDelegate$BeanPostProcessorChecker : Bean 'org.springframework.transaction.annotation.ProxyTransactionManagementConfiguration' of type [org.springframework.transaction.annotation.ProxyTransactionManagementConfiguration] is not eligible for getting processed by all BeanPostProcessors (for example: not eligible for auto-proxying)
2020-03-26 00:19:15.880  INFO 8360 --- [           main] trationDelegate$BeanPostProcessorChecker : Bean 'org.springframework.hateoas.config.HateoasConfiguration' of type [org.springframework.hateoas.config.HateoasConfiguration$$EnhancerBySpringCGLIB$$905f72cf] is not eligible for getting processed by all BeanPostProcessors (for example: not eligible for auto-proxying)
2020-03-26 00:19:16.013  INFO 8360 --- [           main] trationDelegate$BeanPostProcessorChecker : Bean 'relProviderPluginRegistry' of type [org.springframework.plugin.core.support.PluginRegistryFactoryBean] is not eligible for getting processed by all BeanPostProcessors (for example: not eligible for auto-proxying)
2020-03-26 00:19:16.045  INFO 8360 --- [           main] trationDelegate$BeanPostProcessorChecker : Bean 'relProviderPluginRegistry' of type [org.springframework.plugin.core.OrderAwarePluginRegistry] is not eligible for getting processed by all BeanPostProcessors (for example: not eligible for auto-proxying)
2020-03-26 00:19:16.092  INFO 8360 --- [           main] trationDelegate$BeanPostProcessorChecker : Bean '_relProvider' of type [org.springframework.hateoas.server.core.DelegatingLinkRelationProvider] is not eligible for getting processed by all BeanPostProcessors (for example: not eligible for auto-proxying)
2020-03-26 00:19:16.169  INFO 8360 --- [           main] trationDelegate$BeanPostProcessorChecker : Bean 'messageResolver' of type [org.springframework.hateoas.mediatype.DefaultOnlyMessageResolver] is not eligible for getting processed by all BeanPostProcessors (for example: not eligible for auto-proxying)
2020-03-26 00:19:16.185  INFO 8360 --- [           main] trationDelegate$BeanPostProcessorChecker : Bean 'org.springframework.hateoas.mediatype.hal.HalMediaTypeConfiguration' of type [org.springframework.hateoas.mediatype.hal.HalMediaTypeConfiguration$$EnhancerBySpringCGLIB$$ea5401a4] is not eligible for getting processed by all BeanPostProcessors (for example: not eligible for auto-proxying)
2020-03-26 00:19:16.200  INFO 8360 --- [           main] trationDelegate$BeanPostProcessorChecker : Bean 'org.springframework.boot.autoconfigure.jackson.JacksonAutoConfiguration$JacksonObjectMapperConfiguration' of type [org.springframework.boot.autoconfigure.jackson.JacksonAutoConfiguration$JacksonObjectMapperConfiguration] is not eligible for getting processed by all BeanPostProcessors (for example: not eligible for auto-proxying)
2020-03-26 00:19:16.216  INFO 8360 --- [           main] trationDelegate$BeanPostProcessorChecker : Bean 'org.springframework.boot.autoconfigure.jackson.JacksonAutoConfiguration$JacksonObjectMapperBuilderConfiguration' of type [org.springframework.boot.autoconfigure.jackson.JacksonAutoConfiguration$JacksonObjectMapperBuilderConfiguration] is not eligible for getting processed by all BeanPostProcessors (for example: not eligible for auto-proxying)
2020-03-26 00:19:16.231  INFO 8360 --- [           main] trationDelegate$BeanPostProcessorChecker : Bean 'org.springframework.boot.autoconfigure.jackson.JacksonAutoConfiguration$Jackson2ObjectMapperBuilderCustomizerConfiguration' of type [org.springframework.boot.autoconfigure.jackson.JacksonAutoConfiguration$Jackson2ObjectMapperBuilderCustomizerConfiguration] is not eligible for getting processed by all BeanPostProcessors (for example: not eligible for auto-proxying)
2020-03-26 00:19:16.286  INFO 8360 --- [           main] trationDelegate$BeanPostProcessorChecker : Bean 'org.springframework.boot.autoconfigure.flyway.FlywayAutoConfiguration' of type [org.springframework.boot.autoconfigure.flyway.FlywayAutoConfiguration] is not eligible for getting processed by all BeanPostProcessors (for example: not eligible for auto-proxying)
2020-03-26 00:19:16.304  INFO 8360 --- [           main] trationDelegate$BeanPostProcessorChecker : Bean 'stringOrNumberMigrationVersionConverter' of type [org.springframework.boot.autoconfigure.flyway.FlywayAutoConfiguration$StringOrNumberToMigrationVersionConverter] is not eligible for getting processed by all BeanPostProcessors (for example: not eligible for auto-proxying)
2020-03-26 00:19:16.372  INFO 8360 --- [           main] trationDelegate$BeanPostProcessorChecker : Bean 'spring.jackson-org.springframework.boot.autoconfigure.jackson.JacksonProperties' of type [org.springframework.boot.autoconfigure.jackson.JacksonProperties] is not eligible for getting processed by all BeanPostProcessors (for example: not eligible for auto-proxying)
2020-03-26 00:19:16.406  INFO 8360 --- [           main] trationDelegate$BeanPostProcessorChecker : Bean 'standardJacksonObjectMapperBuilderCustomizer' of type [org.springframework.boot.autoconfigure.jackson.JacksonAutoConfiguration$Jackson2ObjectMapperBuilderCustomizerConfiguration$StandardJackson2ObjectMapperBuilderCustomizer] is not eligible for getting processed by all BeanPostProcessors (for example: not eligible for auto-proxying)
2020-03-26 00:19:16.441  INFO 8360 --- [           main] trationDelegate$BeanPostProcessorChecker : Bean 'jacksonMixinModule' of type [com.algaworks.algafood.core.jackson.JacksonMixinModule] is not eligible for getting processed by all BeanPostProcessors (for example: not eligible for auto-proxying)
2020-03-26 00:19:16.465  INFO 8360 --- [           main] trationDelegate$BeanPostProcessorChecker : Bean 'org.springframework.boot.autoconfigure.jackson.JacksonAutoConfiguration$ParameterNamesModuleConfiguration' of type [org.springframework.boot.autoconfigure.jackson.JacksonAutoConfiguration$ParameterNamesModuleConfiguration] is not eligible for getting processed by all BeanPostProcessors (for example: not eligible for auto-proxying)
2020-03-26 00:19:16.481  INFO 8360 --- [           main] trationDelegate$BeanPostProcessorChecker : Bean 'parameterNamesModule' of type [com.fasterxml.jackson.module.paramnames.ParameterNamesModule] is not eligible for getting processed by all BeanPostProcessors (for example: not eligible for auto-proxying)
2020-03-26 00:19:16.481  INFO 8360 --- [           main] trationDelegate$BeanPostProcessorChecker : Bean 'org.springframework.boot.autoconfigure.jackson.JacksonAutoConfiguration' of type [org.springframework.boot.autoconfigure.jackson.JacksonAutoConfiguration] is not eligible for getting processed by all BeanPostProcessors (for example: not eligible for auto-proxying)
2020-03-26 00:19:16.559  INFO 8360 --- [           main] trationDelegate$BeanPostProcessorChecker : Bean 'pageJsonSerializer' of type [com.algaworks.algafood.core.jackson.PageJsonSerializer] is not eligible for getting processed by all BeanPostProcessors (for example: not eligible for auto-proxying)
2020-03-26 00:19:16.575  INFO 8360 --- [           main] trationDelegate$BeanPostProcessorChecker : Bean 'jsonComponentModule' of type [org.springframework.boot.jackson.JsonComponentModule] is not eligible for getting processed by all BeanPostProcessors (for example: not eligible for auto-proxying)
2020-03-26 00:19:16.575  INFO 8360 --- [           main] trationDelegate$BeanPostProcessorChecker : Bean 'org.springframework.data.web.config.SpringDataJacksonConfiguration' of type [org.springframework.data.web.config.SpringDataJacksonConfiguration] is not eligible for getting processed by all BeanPostProcessors (for example: not eligible for auto-proxying)
2020-03-26 00:19:16.616  INFO 8360 --- [           main] trationDelegate$BeanPostProcessorChecker : Bean 'jacksonGeoModule' of type [org.springframework.data.geo.GeoModule] is not eligible for getting processed by all BeanPostProcessors (for example: not eligible for auto-proxying)
2020-03-26 00:19:16.631  INFO 8360 --- [           main] trationDelegate$BeanPostProcessorChecker : Bean 'jacksonObjectMapperBuilder' of type [org.springframework.http.converter.json.Jackson2ObjectMapperBuilder] is not eligible for getting processed by all BeanPostProcessors (for example: not eligible for auto-proxying)
2020-03-26 00:19:16.728  INFO 8360 --- [           main] trationDelegate$BeanPostProcessorChecker : Bean 'jacksonObjectMapper' of type [com.fasterxml.jackson.databind.ObjectMapper] is not eligible for getting processed by all BeanPostProcessors (for example: not eligible for auto-proxying)
2020-03-26 00:19:16.888  INFO 8360 --- [           main] trationDelegate$BeanPostProcessorChecker : Bean 'hypermediaWebMvcConverters' of type [org.springframework.hateoas.config.WebConverters] is not eligible for getting processed by all BeanPostProcessors (for example: not eligible for auto-proxying)
2020-03-26 00:19:18.755  INFO 8360 --- [           main] o.s.b.w.embedded.tomcat.TomcatWebServer  : Tomcat initialized with port(s): 0 (http)
2020-03-26 00:19:18.784  INFO 8360 --- [           main] o.apache.catalina.core.StandardService   : Starting service [Tomcat]
2020-03-26 00:19:18.784  INFO 8360 --- [           main] org.apache.catalina.core.StandardEngine  : Starting Servlet engine: [Apache Tomcat/9.0.29]
2020-03-26 00:19:19.314  INFO 8360 --- [           main] o.a.c.c.C.[Tomcat].[localhost].[/]       : Initializing Spring embedded WebApplicationContext
2020-03-26 00:19:19.314  INFO 8360 --- [           main] o.s.web.context.ContextLoader            : Root WebApplicationContext: initialization completed in 14698 ms
2020-03-26 00:19:21.437  INFO 8360 --- [           main] o.f.c.internal.license.VersionPrinter    : Flyway Community Edition 6.0.8 by Redgate
2020-03-26 00:19:21.453  INFO 8360 --- [           main] com.zaxxer.hikari.HikariDataSource       : HikariPool-1 - Starting...
2020-03-26 00:19:23.870  INFO 8360 --- [           main] com.zaxxer.hikari.HikariDataSource       : HikariPool-1 - Start completed.
2020-03-26 00:19:24.076  INFO 8360 --- [           main] o.f.c.internal.database.DatabaseFactory  : Database: jdbc:mysql://localhost/algafood_test (MySQL 8.0)
2020-03-26 00:19:24.307  INFO 8360 --- [           main] o.f.core.internal.command.DbValidate     : Successfully validated 13 migrations (execution time 00:00.169s)
2020-03-26 00:19:24.377  INFO 8360 --- [           main] o.f.c.i.s.JdbcTableSchemaHistory         : Creating Schema History table `algafood_test`.`flyway_schema_history` ...
2020-03-26 00:19:24.547  INFO 8360 --- [           main] o.f.core.internal.command.DbMigrate      : Current version of schema `algafood_test`: << Empty Schema >>
2020-03-26 00:19:24.575  INFO 8360 --- [           main] o.f.core.internal.command.DbMigrate      : Migrating schema `algafood_test` to version 001 - criacao-inicial
2020-03-26 00:19:24.646  WARN 8360 --- [           main] o.f.c.i.s.DefaultSqlScriptExecutor       : DB: 'utf8' is currently an alias for the character set UTF8MB3, but will be an alias for UTF8MB4 in a future release. Please consider using UTF8MB4 in order to be unambiguous. (SQL State: HY000 - Error Code: 3719)
2020-03-26 00:19:24.718  INFO 8360 --- [           main] o.f.core.internal.command.DbMigrate      : Migrating schema `algafood_test` to version 002 - cria-tabela-cidade
2020-03-26 00:19:24.802  WARN 8360 --- [           main] o.f.c.i.s.DefaultSqlScriptExecutor       : DB: 'utf8' is currently an alias for the character set UTF8MB3, but will be an alias for UTF8MB4 in a future release. Please consider using UTF8MB4 in order to be unambiguous. (SQL State: HY000 - Error Code: 3719)
2020-03-26 00:19:24.860  INFO 8360 --- [           main] o.f.core.internal.command.DbMigrate      : Migrating schema `algafood_test` to version 003 - cria-tabela-estado
2020-03-26 00:19:24.916  WARN 8360 --- [           main] o.f.c.i.s.DefaultSqlScriptExecutor       : DB: 'utf8' is currently an alias for the character set UTF8MB3, but will be an alias for UTF8MB4 in a future release. Please consider using UTF8MB4 in order to be unambiguous. (SQL State: HY000 - Error Code: 3719)
2020-03-26 00:19:25.359  INFO 8360 --- [           main] o.f.core.internal.command.DbMigrate      : Migrating schema `algafood_test` to version 004 - cria-varias-tabelas
2020-03-26 00:19:25.418  WARN 8360 --- [           main] o.f.c.i.s.DefaultSqlScriptExecutor       : DB: 'utf8' is currently an alias for the character set UTF8MB3, but will be an alias for UTF8MB4 in a future release. Please consider using UTF8MB4 in order to be unambiguous. (SQL State: HY000 - Error Code: 3719)
2020-03-26 00:19:25.457  WARN 8360 --- [           main] o.f.c.i.s.DefaultSqlScriptExecutor       : DB: 'utf8' is currently an alias for the character set UTF8MB3, but will be an alias for UTF8MB4 in a future release. Please consider using UTF8MB4 in order to be unambiguous. (SQL State: HY000 - Error Code: 3719)
2020-03-26 00:19:25.509  WARN 8360 --- [           main] o.f.c.i.s.DefaultSqlScriptExecutor       : DB: 'utf8' is currently an alias for the character set UTF8MB3, but will be an alias for UTF8MB4 in a future release. Please consider using UTF8MB4 in order to be unambiguous. (SQL State: HY000 - Error Code: 3719)
2020-03-26 00:19:25.558  WARN 8360 --- [           main] o.f.c.i.s.DefaultSqlScriptExecutor       : DB: 'utf8' is currently an alias for the character set UTF8MB3, but will be an alias for UTF8MB4 in a future release. Please consider using UTF8MB4 in order to be unambiguous. (SQL State: HY000 - Error Code: 3719)
2020-03-26 00:19:25.602  WARN 8360 --- [           main] o.f.c.i.s.DefaultSqlScriptExecutor       : DB: Integer display width is deprecated and will be removed in a future release. (SQL State: HY000 - Error Code: 1681)
2020-03-26 00:19:25.602  WARN 8360 --- [           main] o.f.c.i.s.DefaultSqlScriptExecutor       : DB: 'utf8' is currently an alias for the character set UTF8MB3, but will be an alias for UTF8MB4 in a future release. Please consider using UTF8MB4 in order to be unambiguous. (SQL State: HY000 - Error Code: 3719)
2020-03-26 00:19:25.649  WARN 8360 --- [           main] o.f.c.i.s.DefaultSqlScriptExecutor       : DB: 'utf8' is currently an alias for the character set UTF8MB3, but will be an alias for UTF8MB4 in a future release. Please consider using UTF8MB4 in order to be unambiguous. (SQL State: HY000 - Error Code: 3719)
2020-03-26 00:19:25.704  WARN 8360 --- [           main] o.f.c.i.s.DefaultSqlScriptExecutor       : DB: 'utf8' is currently an alias for the character set UTF8MB3, but will be an alias for UTF8MB4 in a future release. Please consider using UTF8MB4 in order to be unambiguous. (SQL State: HY000 - Error Code: 3719)
2020-03-26 00:19:25.781  WARN 8360 --- [           main] o.f.c.i.s.DefaultSqlScriptExecutor       : DB: 'utf8' is currently an alias for the character set UTF8MB3, but will be an alias for UTF8MB4 in a future release. Please consider using UTF8MB4 in order to be unambiguous. (SQL State: HY000 - Error Code: 3719)
2020-03-26 00:19:25.855  WARN 8360 --- [           main] o.f.c.i.s.DefaultSqlScriptExecutor       : DB: 'utf8' is currently an alias for the character set UTF8MB3, but will be an alias for UTF8MB4 in a future release. Please consider using UTF8MB4 in order to be unambiguous. (SQL State: HY000 - Error Code: 3719)
2020-03-26 00:19:27.486  INFO 8360 --- [           main] o.f.core.internal.command.DbMigrate      : Migrating schema `algafood_test` to version 005 - cria-tabela-teste
2020-03-26 00:19:27.526  WARN 8360 --- [           main] o.f.c.i.s.DefaultSqlScriptExecutor       : DB: 'utf8' is currently an alias for the character set UTF8MB3, but will be an alias for UTF8MB4 in a future release. Please consider using UTF8MB4 in order to be unambiguous. (SQL State: HY000 - Error Code: 3719)
2020-03-26 00:19:27.571  INFO 8360 --- [           main] o.f.core.internal.command.DbMigrate      : Migrating schema `algafood_test` to version 006 - remove-tabela-teste
2020-03-26 00:19:27.643  INFO 8360 --- [           main] o.f.core.internal.command.DbMigrate      : Migrating schema `algafood_test` to version 007 - cria-tabelas-pedido-item-pedido
2020-03-26 00:19:27.732  WARN 8360 --- [           main] o.f.c.i.s.DefaultSqlScriptExecutor       : DB: Integer display width is deprecated and will be removed in a future release. (SQL State: HY000 - Error Code: 1681)
2020-03-26 00:19:27.732  WARN 8360 --- [           main] o.f.c.i.s.DefaultSqlScriptExecutor       : DB: 'utf8' is currently an alias for the character set UTF8MB3, but will be an alias for UTF8MB4 in a future release. Please consider using UTF8MB4 in order to be unambiguous. (SQL State: HY000 - Error Code: 3719)
2020-03-26 00:19:27.803  WARN 8360 --- [           main] o.f.c.i.s.DefaultSqlScriptExecutor       : DB: Integer display width is deprecated and will be removed in a future release. (SQL State: HY000 - Error Code: 1681)
2020-03-26 00:19:27.803  WARN 8360 --- [           main] o.f.c.i.s.DefaultSqlScriptExecutor       : DB: 'utf8' is currently an alias for the character set UTF8MB3, but will be an alias for UTF8MB4 in a future release. Please consider using UTF8MB4 in order to be unambiguous. (SQL State: HY000 - Error Code: 3719)
2020-03-26 00:19:27.849  INFO 8360 --- [           main] o.f.core.internal.command.DbMigrate      : Migrating schema `algafood_test` to version 008 - cria coluna ativo restaurante
2020-03-26 00:19:27.953  WARN 8360 --- [           main] o.f.c.i.s.DefaultSqlScriptExecutor       : DB: Integer display width is deprecated and will be removed in a future release. (SQL State: HY000 - Error Code: 1681)
2020-03-26 00:19:28.007  INFO 8360 --- [           main] o.f.core.internal.command.DbMigrate      : Migrating schema `algafood_test` to version 009 - cria-coluna-aberto-restaurante
2020-03-26 00:19:28.078  WARN 8360 --- [           main] o.f.c.i.s.DefaultSqlScriptExecutor       : DB: Integer display width is deprecated and will be removed in a future release. (SQL State: HY000 - Error Code: 1681)
2020-03-26 00:19:28.128  INFO 8360 --- [           main] o.f.core.internal.command.DbMigrate      : Migrating schema `algafood_test` to version 010 - cria-tabela-restaurante-usuario-responsavel
2020-03-26 00:19:28.180  WARN 8360 --- [           main] o.f.c.i.s.DefaultSqlScriptExecutor       : DB: 'utf8' is currently an alias for the character set UTF8MB3, but will be an alias for UTF8MB4 in a future release. Please consider using UTF8MB4 in order to be unambiguous. (SQL State: HY000 - Error Code: 3719)
2020-03-26 00:19:28.476  INFO 8360 --- [           main] o.f.core.internal.command.DbMigrate      : Migrating schema `algafood_test` to version 011 - cria-coluna-codigo-pedido
2020-03-26 00:19:28.705  INFO 8360 --- [           main] o.f.core.internal.command.DbMigrate      : Migrating schema `algafood_test` to version 012 - cria-tabela-foto-produto
2020-03-26 00:19:28.756  WARN 8360 --- [           main] o.f.c.i.s.DefaultSqlScriptExecutor       : DB: 'utf8' is currently an alias for the character set UTF8MB3, but will be an alias for UTF8MB4 in a future release. Please consider using UTF8MB4 in order to be unambiguous. (SQL State: HY000 - Error Code: 3719)
2020-03-26 00:19:28.814  INFO 8360 --- [           main] o.f.core.internal.command.DbMigrate      : Migrating schema `algafood_test` to version 013 - criar-coluna-data-atualizacao-forma-pagamento
2020-03-26 00:19:29.023  INFO 8360 --- [           main] o.f.core.internal.command.DbMigrate      : Successfully applied 13 migrations to schema `algafood_test` (execution time 00:04.500s)
2020-03-26 00:19:29.064  INFO 8360 --- [           main] o.f.c.i.c.SqlScriptCallbackFactory       : Executing SQL callback: afterMigrate
2020-03-26 00:19:30.456  INFO 8360 --- [           main] o.hibernate.jpa.internal.util.LogHelper  : HHH000204: Processing PersistenceUnitInfo [name: default]
2020-03-26 00:19:30.999  INFO 8360 --- [           main] org.hibernate.Version                    : HHH000412: Hibernate Core {5.4.9.Final}
2020-03-26 00:19:31.653  INFO 8360 --- [           main] o.hibernate.annotations.common.Version   : HCANN000001: Hibernate Commons Annotations {5.1.0.Final}
2020-03-26 00:19:32.136  INFO 8360 --- [           main] org.hibernate.dialect.Dialect            : HHH000400: Using dialect: org.hibernate.dialect.MySQL57Dialect
2020-03-26 00:19:35.536  INFO 8360 --- [           main] o.h.e.t.j.p.i.JtaPlatformInitiator       : HHH000490: Using JtaPlatform implementation: [org.hibernate.engine.transaction.jta.platform.internal.NoJtaPlatform]
2020-03-26 00:19:35.561  INFO 8360 --- [           main] j.LocalContainerEntityManagerFactoryBean : Initialized JPA EntityManagerFactory for persistence unit 'default'
2020-03-26 00:19:49.926  WARN 8360 --- [           main] JpaBaseConfiguration$JpaWebConfiguration : spring.jpa.open-in-view is enabled by default. Therefore, database queries may be performed during view rendering. Explicitly configure spring.jpa.open-in-view to disable this warning
2020-03-26 00:19:51.713  INFO 8360 --- [           main] pertySourcedRequestMappingHandlerMapping : Mapped URL path [/v2/api-docs] onto method [springfox.documentation.swagger2.web.Swagger2Controller#getDocumentation(String, HttpServletRequest)]
2020-03-26 00:19:53.257  INFO 8360 --- [           main] o.s.s.concurrent.ThreadPoolTaskExecutor  : Initializing ExecutorService 'applicationTaskExecutor'
2020-03-26 00:19:54.941  INFO 8360 --- [           main] d.s.w.p.DocumentationPluginsBootstrapper : Context refreshed
2020-03-26 00:19:55.036  INFO 8360 --- [           main] d.s.w.p.DocumentationPluginsBootstrapper : Found 1 custom documentation plugin(s)
2020-03-26 00:19:55.495  INFO 8360 --- [           main] s.d.s.w.s.ApiListingReferenceScanner     : Scanning for api listing references
2020-03-26 00:19:56.620  INFO 8360 --- [           main] .d.s.w.r.o.CachingOperationNameGenerator : Generating unique operation named: adicionarUsingPOST_1
2020-03-26 00:19:56.655  INFO 8360 --- [           main] .d.s.w.r.o.CachingOperationNameGenerator : Generating unique operation named: atualizarUsingPUT_1
2020-03-26 00:19:56.668  INFO 8360 --- [           main] .d.s.w.r.o.CachingOperationNameGenerator : Generating unique operation named: buscarUsingGET_1
2020-03-26 00:19:56.795  INFO 8360 --- [           main] .d.s.w.r.o.CachingOperationNameGenerator : Generating unique operation named: listarUsingGET_1
2020-03-26 00:19:56.802  INFO 8360 --- [           main] .d.s.w.r.o.CachingOperationNameGenerator : Generating unique operation named: removerUsingDELETE_1
2020-03-26 00:19:56.825  INFO 8360 --- [           main] .d.s.w.r.o.CachingOperationNameGenerator : Generating unique operation named: adicionarUsingPOST_2
2020-03-26 00:19:56.847  INFO 8360 --- [           main] .d.s.w.r.o.CachingOperationNameGenerator : Generating unique operation named: atualizarUsingPUT_2
2020-03-26 00:19:56.859  INFO 8360 --- [           main] .d.s.w.r.o.CachingOperationNameGenerator : Generating unique operation named: buscarUsingGET_2
2020-03-26 00:19:56.882  INFO 8360 --- [           main] .d.s.w.r.o.CachingOperationNameGenerator : Generating unique operation named: listarUsingGET_2
2020-03-26 00:19:56.892  INFO 8360 --- [           main] .d.s.w.r.o.CachingOperationNameGenerator : Generating unique operation named: removerUsingDELETE_2
2020-03-26 00:19:57.118  INFO 8360 --- [           main] .d.s.w.r.o.CachingOperationNameGenerator : Generating unique operation named: adicionarUsingPOST_3
2020-03-26 00:19:57.125  INFO 8360 --- [           main] .d.s.w.r.o.CachingOperationNameGenerator : Generating unique operation named: atualizarUsingPUT_3
2020-03-26 00:19:57.137  INFO 8360 --- [           main] .d.s.w.r.o.CachingOperationNameGenerator : Generating unique operation named: buscarUsingGET_3
2020-03-26 00:19:57.158  INFO 8360 --- [           main] .d.s.w.r.o.CachingOperationNameGenerator : Generating unique operation named: listarUsingGET_3
2020-03-26 00:19:57.182  INFO 8360 --- [           main] .d.s.w.r.o.CachingOperationNameGenerator : Generating unique operation named: removerUsingDELETE_3
2020-03-26 00:19:57.215  INFO 8360 --- [           main] .d.s.w.r.o.CachingOperationNameGenerator : Generating unique operation named: adicionarUsingPOST_4
2020-03-26 00:19:57.226  INFO 8360 --- [           main] .d.s.w.r.o.CachingOperationNameGenerator : Generating unique operation named: atualizarUsingPUT_4
2020-03-26 00:19:57.290  INFO 8360 --- [           main] .d.s.w.r.o.CachingOperationNameGenerator : Generating unique operation named: buscarUsingGET_4
2020-03-26 00:19:57.306  INFO 8360 --- [           main] .d.s.w.r.o.CachingOperationNameGenerator : Generating unique operation named: listarUsingGET_4
2020-03-26 00:19:57.318  INFO 8360 --- [           main] .d.s.w.r.o.CachingOperationNameGenerator : Generating unique operation named: removerUsingDELETE_4
2020-03-26 00:19:57.372  INFO 8360 --- [           main] .d.s.w.r.o.CachingOperationNameGenerator : Generating unique operation named: listarUsingGET_5
2020-03-26 00:19:57.614  INFO 8360 --- [           main] .d.s.w.r.o.CachingOperationNameGenerator : Generating unique operation named: adicionarUsingPOST_5
2020-03-26 00:19:57.625  INFO 8360 --- [           main] .d.s.w.r.o.CachingOperationNameGenerator : Generating unique operation named: buscarUsingGET_5
2020-03-26 00:19:57.761  INFO 8360 --- [           main] .d.s.w.r.o.CachingOperationNameGenerator : Generating unique operation named: adicionarUsingPOST_6
2020-03-26 00:19:57.825  INFO 8360 --- [           main] .d.s.w.r.o.CachingOperationNameGenerator : Generating unique operation named: atualizarUsingPUT_5
2020-03-26 00:19:57.838  INFO 8360 --- [           main] .d.s.w.r.o.CachingOperationNameGenerator : Generating unique operation named: buscarUsingGET_6
2020-03-26 00:19:57.937  INFO 8360 --- [           main] .d.s.w.r.o.CachingOperationNameGenerator : Generating unique operation named: listarUsingGET_6
2020-03-26 00:19:57.986  INFO 8360 --- [           main] .d.s.w.r.o.CachingOperationNameGenerator : Generating unique operation named: associarUsingPUT_1
2020-03-26 00:19:58.002  INFO 8360 --- [           main] .d.s.w.r.o.CachingOperationNameGenerator : Generating unique operation named: desassociarUsingDELETE_1
2020-03-26 00:19:58.016  INFO 8360 --- [           main] .d.s.w.r.o.CachingOperationNameGenerator : Generating unique operation named: listarUsingGET_7
2020-03-26 00:19:58.069  INFO 8360 --- [           main] .d.s.w.r.o.CachingOperationNameGenerator : Generating unique operation named: adicionarUsingPOST_7
2020-03-26 00:19:58.079  INFO 8360 --- [           main] .d.s.w.r.o.CachingOperationNameGenerator : Generating unique operation named: atualizarUsingPUT_6
2020-03-26 00:19:58.092  INFO 8360 --- [           main] .d.s.w.r.o.CachingOperationNameGenerator : Generating unique operation named: buscarUsingGET_7
2020-03-26 00:19:58.141  INFO 8360 --- [           main] .d.s.w.r.o.CachingOperationNameGenerator : Generating unique operation named: listarUsingGET_8
2020-03-26 00:19:58.215  INFO 8360 --- [           main] .d.s.w.r.o.CachingOperationNameGenerator : Generating unique operation named: buscarUsingGET_8
2020-03-26 00:19:58.255  INFO 8360 --- [           main] .d.s.w.r.o.CachingOperationNameGenerator : Generating unique operation named: associarUsingPUT_2
2020-03-26 00:19:58.297  INFO 8360 --- [           main] .d.s.w.r.o.CachingOperationNameGenerator : Generating unique operation named: desassociarUsingDELETE_2
2020-03-26 00:19:58.311  INFO 8360 --- [           main] .d.s.w.r.o.CachingOperationNameGenerator : Generating unique operation named: listarUsingGET_9
2020-03-26 00:19:58.329  INFO 8360 --- [           main] .d.s.w.r.o.CachingOperationNameGenerator : Generating unique operation named: adicionarUsingPOST_8
2020-03-26 00:19:58.425  INFO 8360 --- [           main] .d.s.w.r.o.CachingOperationNameGenerator : Generating unique operation named: atualizarUsingPUT_7
2020-03-26 00:19:58.432  INFO 8360 --- [           main] .d.s.w.r.o.CachingOperationNameGenerator : Generating unique operation named: buscarUsingGET_9
2020-03-26 00:19:58.437  INFO 8360 --- [           main] .d.s.w.r.o.CachingOperationNameGenerator : Generating unique operation named: listarUsingGET_10
2020-03-26 00:19:58.445  INFO 8360 --- [           main] .d.s.w.r.o.CachingOperationNameGenerator : Generating unique operation named: associarUsingPUT_3
2020-03-26 00:19:58.489  INFO 8360 --- [           main] .d.s.w.r.o.CachingOperationNameGenerator : Generating unique operation named: desassociarUsingDELETE_3
2020-03-26 00:19:58.502  INFO 8360 --- [           main] .d.s.w.r.o.CachingOperationNameGenerator : Generating unique operation named: listarUsingGET_11
2020-03-26 00:19:58.934  INFO 8360 --- [           main] o.s.b.w.embedded.tomcat.TomcatWebServer  : Tomcat started on port(s): 55230 (http) with context path ''
2020-03-26 00:19:58.938  INFO 8360 --- [           main] c.algaworks.algafood.CadastroCozinhaIT   : Started CadastroCozinhaIT in 56.65 seconds (JVM running for 61.929)
Hibernate: insert into cozinha (nome) values (?)
Hibernate: insert into cozinha (nome) values (?)
Hibernate: select count(*) as col_0_0_ from cozinha cozinha0_
2020-03-26 00:20:04.520  INFO 8360 --- [o-auto-1-exec-1] o.a.c.c.C.[Tomcat].[localhost].[/]       : Initializing Spring DispatcherServlet 'dispatcherServlet'
2020-03-26 00:20:04.522  INFO 8360 --- [o-auto-1-exec-1] o.s.web.servlet.DispatcherServlet        : Initializing Servlet 'dispatcherServlet'
2020-03-26 00:20:04.589  INFO 8360 --- [o-auto-1-exec-1] o.s.web.servlet.DispatcherServlet        : Completed initialization in 67 ms
Hibernate: select cozinha0_.id as id1_1_, cozinha0_.nome as nome2_1_ from cozinha cozinha0_ limit ?
Request method:	GET
Request URI:	http://localhost:55230/cozinhas
Proxy:			<none>
Request params:	<none>
Query params:	<none>
Form params:	<none>
Path params:	<none>
Headers:		Accept=application/json, application/javascript, text/javascript, text/json
Cookies:		<none>
Multiparts:		<none>
Body:			<none>

HTTP/1.1 200 
Vary: Origin
Vary: Access-Control-Request-Method
Vary: Access-Control-Request-Headers
ETag: "0ba122b26b70acab9d39b5789e7f938a8"
Content-Type: application/json
Content-Length: 458
Date: Thu, 26 Mar 2020 03:20:05 GMT
Keep-Alive: timeout=60
Connection: keep-alive

{
    "_embedded": {
        "cozinhas": [
            {
                "id": 1,
                "nome": "Tailandesa",
                "_links": {
                    "self": {
                        "href": "http://localhost:55230/cozinhas/1"
                    },
                    "cozinhas": {
                        "href": "http://localhost:55230/cozinhas"
                    }
                }
            },
            {
                "id": 2,
                "nome": "Americana",
                "_links": {
                    "self": {
                        "href": "http://localhost:55230/cozinhas/2"
                    },
                    "cozinhas": {
                        "href": "http://localhost:55230/cozinhas"
                    }
                }
            }
        ]
    },
    "_links": {
        "self": {
            "href": "http://localhost:55230/cozinhas?page=0&size=10"
        }
    },
    "page": {
        "size": 10,
        "totalElements": 2,
        "totalPages": 1,
        "number": 0
    }
}
]]></system-out>
  </testcase>
  <testcase name="deveRetornarRespostaEStatusCorretos_QuandoConsultarCozinhaExistente" classname="com.algaworks.algafood.CadastroCozinhaIT" time="2.324"/>
  <testcase name="deveRetornarStatus200_QuandoConsultarCozinhas" classname="com.algaworks.algafood.CadastroCozinhaIT" time="1.236"/>
  <testcase name="deveRetornarStatus404_QuandoConsultarCozinhaInexistente" classname="com.algaworks.algafood.CadastroCozinhaIT" time="1.247"/>
  <testcase name="deveRetornarStatus201_QuandoCadastrarCozinha" classname="com.algaworks.algafood.CadastroCozinhaIT" time="1.529"/>
</testsuite>